Classic Timing Analyzer report for exp1
Tue Mar 22 17:10:49 2022
Quartus II Version 8.1 Build 163 10/28/2008 SJ Web Edition


---------------------
; Table of Contents ;
---------------------
  1. Legal Notice
  2. Timing Analyzer Summary
  3. Timing Analyzer Settings
  4. tpd
  5. Timing Analyzer Messages



----------------
; Legal Notice ;
----------------
Copyright (C) 1991-2008 Altera Corporation
Your use of Altera Corporation's design tools, logic functions 
and other software and tools, and its AMPP partner logic 
functions, and any output files from any of the foregoing 
(including device programming or simulation files), and any 
associated documentation or information are expressly subject 
to the terms and conditions of the Altera Program License 
Subscription Agreement, Altera MegaCore Function License 
Agreement, or other applicable license agreement, including, 
without limitation, that your use is for the sole purpose of 
programming logic devices manufactured by Altera and sold by 
Altera or its authorized distributors.  Please refer to the 
applicable agreement for further details.



+-----------------------------------------------------------------------------------------------------------------------------+
; Timing Analyzer Summary                                                                                                     ;
+------------------------------+-------+---------------+-------------+------+----------+------------+----------+--------------+
; Type                         ; Slack ; Required Time ; Actual Time ; From ; To       ; From Clock ; To Clock ; Failed Paths ;
+------------------------------+-------+---------------+-------------+------+----------+------------+----------+--------------+
; Worst-case tpd               ; N/A   ; None          ; 9.001 ns    ; y    ; purchase ; --         ; --       ; 0            ;
; Total number of failed paths ;       ;               ;             ;      ;          ;            ;          ; 0            ;
+------------------------------+-------+---------------+-------------+------+----------+------------+----------+--------------+


+--------------------------------------------------------------------------------------------------------------------+
; Timing Analyzer Settings                                                                                           ;
+---------------------------------------------------------------------+--------------------+------+----+-------------+
; Option                                                              ; Setting            ; From ; To ; Entity Name ;
+---------------------------------------------------------------------+--------------------+------+----+-------------+
; Device Name                                                         ; EP2S15F484C3       ;      ;    ;             ;
; Timing Models                                                       ; Final              ;      ;    ;             ;
; Default hold multicycle                                             ; Same as Multicycle ;      ;    ;             ;
; Cut paths between unrelated clock domains                           ; On                 ;      ;    ;             ;
; Cut off read during write signal paths                              ; On                 ;      ;    ;             ;
; Cut off feedback from I/O pins                                      ; On                 ;      ;    ;             ;
; Report Combined Fast/Slow Timing                                    ; Off                ;      ;    ;             ;
; Ignore Clock Settings                                               ; Off                ;      ;    ;             ;
; Analyze latches as synchronous elements                             ; On                 ;      ;    ;             ;
; Enable Recovery/Removal analysis                                    ; Off                ;      ;    ;             ;
; Enable Clock Latency                                                ; Off                ;      ;    ;             ;
; Use TimeQuest Timing Analyzer                                       ; Off                ;      ;    ;             ;
; Number of source nodes to report per destination node               ; 10                 ;      ;    ;             ;
; Number of destination nodes to report                               ; 10                 ;      ;    ;             ;
; Number of paths to report                                           ; 200                ;      ;    ;             ;
; Report Minimum Timing Checks                                        ; Off                ;      ;    ;             ;
; Use Fast Timing Models                                              ; Off                ;      ;    ;             ;
; Report IO Paths Separately                                          ; Off                ;      ;    ;             ;
; Perform Multicorner Analysis                                        ; On                 ;      ;    ;             ;
; Reports the worst-case path for each clock domain and analysis      ; Off                ;      ;    ;             ;
; Removes common clock path pessimism (CCPP) during slack computation ; Off                ;      ;    ;             ;
; Output I/O Timing Endpoint                                          ; Near End           ;      ;    ;             ;
+---------------------------------------------------------------------+--------------------+------+----+-------------+


+----------------------------------------------------------------+
; tpd                                                            ;
+-------+-------------------+-----------------+------+-----------+
; Slack ; Required P2P Time ; Actual P2P Time ; From ; To        ;
+-------+-------------------+-----------------+------+-----------+
; N/A   ; None              ; 9.001 ns        ; y    ; purchase  ;
; N/A   ; None              ; 8.097 ns        ; y    ; Return[1] ;
; N/A   ; None              ; 7.917 ns        ; w    ; purchase  ;
; N/A   ; None              ; 7.026 ns        ; y    ; Return[0] ;
; N/A   ; None              ; 7.013 ns        ; w    ; Return[1] ;
+-------+-------------------+-----------------+------+-----------+


+--------------------------+
; Timing Analyzer Messages ;
+--------------------------+
Info: *******************************************************************
Info: Running Quartus II Classic Timing Analyzer
    Info: Version 8.1 Build 163 10/28/2008 SJ Web Edition
    Info: Processing started: Tue Mar 22 17:10:48 2022
Info: Command: quartus_tan --read_settings_files=off --write_settings_files=off exp1 -c exp1 --timing_analysis_only
Info: Longest tpd from source pin "y" to destination pin "purchase" is 9.001 ns
    Info: 1: + IC(0.000 ns) + CELL(0.847 ns) = 0.847 ns; Loc. = PIN_Y16; Fanout = 2; PIN Node = 'y'
    Info: 2: + IC(4.392 ns) + CELL(0.154 ns) = 5.393 ns; Loc. = LCCOMB_X1_Y4_N2; Fanout = 2; COMB Node = 'Return~0'
    Info: 3: + IC(1.504 ns) + CELL(2.104 ns) = 9.001 ns; Loc. = PIN_L16; Fanout = 0; PIN Node = 'purchase'
    Info: Total cell delay = 3.105 ns ( 34.50 % )
    Info: Total interconnect delay = 5.896 ns ( 65.50 % )
Info: Quartus II Classic Timing Analyzer was successful. 0 errors, 0 warnings
    Info: Peak virtual memory: 180 megabytes
    Info: Processing ended: Tue Mar 22 17:10:49 2022
    Info: Elapsed time: 00:00:01
    Info: Total CPU time (on all processors): 00:00:00


