Classic Timing Analyzer report for problem1
Sat Mar 05 19:58:31 2022
Quartus II Version 8.1 Build 163 10/28/2008 SJ Web Edition


---------------------
; Table of Contents ;
---------------------
  1. Legal Notice
  2. Timing Analyzer Summary
  3. Timing Analyzer Settings
  4. tpd
  5. Timing Analyzer Messages



----------------
; Legal Notice ;
----------------
Copyright (C) 1991-2008 Altera Corporation
Your use of Altera Corporation's design tools, logic functions 
and other software and tools, and its AMPP partner logic 
functions, and any output files from any of the foregoing 
(including device programming or simulation files), and any 
associated documentation or information are expressly subject 
to the terms and conditions of the Altera Program License 
Subscription Agreement, Altera MegaCore Function License 
Agreement, or other applicable license agreement, including, 
without limitation, that your use is for the sole purpose of 
programming logic devices manufactured by Altera and sold by 
Altera or its authorized distributors.  Please refer to the 
applicable agreement for further details.



+-------------------------------------------------------------------------------------------------------------------------+
; Timing Analyzer Summary                                                                                                 ;
+------------------------------+-------+---------------+-------------+------+------+------------+----------+--------------+
; Type                         ; Slack ; Required Time ; Actual Time ; From ; To   ; From Clock ; To Clock ; Failed Paths ;
+------------------------------+-------+---------------+-------------+------+------+------------+----------+--------------+
; Worst-case tpd               ; N/A   ; None          ; 12.028 ns   ; A[1] ; S[7] ; --         ; --       ; 0            ;
; Total number of failed paths ;       ;               ;             ;      ;      ;            ;          ; 0            ;
+------------------------------+-------+---------------+-------------+------+------+------------+----------+--------------+


+--------------------------------------------------------------------------------------------------------------------+
; Timing Analyzer Settings                                                                                           ;
+---------------------------------------------------------------------+--------------------+------+----+-------------+
; Option                                                              ; Setting            ; From ; To ; Entity Name ;
+---------------------------------------------------------------------+--------------------+------+----+-------------+
; Device Name                                                         ; EP2S15F484C3       ;      ;    ;             ;
; Timing Models                                                       ; Final              ;      ;    ;             ;
; Default hold multicycle                                             ; Same as Multicycle ;      ;    ;             ;
; Cut paths between unrelated clock domains                           ; On                 ;      ;    ;             ;
; Cut off read during write signal paths                              ; On                 ;      ;    ;             ;
; Cut off feedback from I/O pins                                      ; On                 ;      ;    ;             ;
; Report Combined Fast/Slow Timing                                    ; Off                ;      ;    ;             ;
; Ignore Clock Settings                                               ; Off                ;      ;    ;             ;
; Analyze latches as synchronous elements                             ; On                 ;      ;    ;             ;
; Enable Recovery/Removal analysis                                    ; Off                ;      ;    ;             ;
; Enable Clock Latency                                                ; Off                ;      ;    ;             ;
; Use TimeQuest Timing Analyzer                                       ; Off                ;      ;    ;             ;
; Number of source nodes to report per destination node               ; 10                 ;      ;    ;             ;
; Number of destination nodes to report                               ; 10                 ;      ;    ;             ;
; Number of paths to report                                           ; 200                ;      ;    ;             ;
; Report Minimum Timing Checks                                        ; Off                ;      ;    ;             ;
; Use Fast Timing Models                                              ; Off                ;      ;    ;             ;
; Report IO Paths Separately                                          ; Off                ;      ;    ;             ;
; Perform Multicorner Analysis                                        ; On                 ;      ;    ;             ;
; Reports the worst-case path for each clock domain and analysis      ; Off                ;      ;    ;             ;
; Removes common clock path pessimism (CCPP) during slack computation ; Off                ;      ;    ;             ;
; Output I/O Timing Endpoint                                          ; Near End           ;      ;    ;             ;
+---------------------------------------------------------------------+--------------------+------+----+-------------+


+-----------------------------------------------------------+
; tpd                                                       ;
+-------+-------------------+-----------------+------+------+
; Slack ; Required P2P Time ; Actual P2P Time ; From ; To   ;
+-------+-------------------+-----------------+------+------+
; N/A   ; None              ; 12.028 ns       ; A[1] ; S[7] ;
; N/A   ; None              ; 11.737 ns       ; A[1] ; S[6] ;
; N/A   ; None              ; 11.370 ns       ; A[0] ; S[7] ;
; N/A   ; None              ; 11.370 ns       ; A[1] ; S[4] ;
; N/A   ; None              ; 11.247 ns       ; B[3] ; S[7] ;
; N/A   ; None              ; 11.216 ns       ; A[1] ; S[5] ;
; N/A   ; None              ; 11.175 ns       ; Cin  ; S[7] ;
; N/A   ; None              ; 11.160 ns       ; B[2] ; S[7] ;
; N/A   ; None              ; 11.090 ns       ; A[2] ; S[7] ;
; N/A   ; None              ; 11.079 ns       ; A[0] ; S[6] ;
; N/A   ; None              ; 11.005 ns       ; B[1] ; S[7] ;
; N/A   ; None              ; 10.999 ns       ; A[1] ; S[3] ;
; N/A   ; None              ; 10.973 ns       ; A[1] ; Cout ;
; N/A   ; None              ; 10.956 ns       ; B[3] ; S[6] ;
; N/A   ; None              ; 10.884 ns       ; Cin  ; S[6] ;
; N/A   ; None              ; 10.872 ns       ; B[0] ; S[7] ;
; N/A   ; None              ; 10.869 ns       ; B[2] ; S[6] ;
; N/A   ; None              ; 10.810 ns       ; A[1] ; S[2] ;
; N/A   ; None              ; 10.799 ns       ; A[2] ; S[6] ;
; N/A   ; None              ; 10.714 ns       ; B[1] ; S[6] ;
; N/A   ; None              ; 10.712 ns       ; A[0] ; S[4] ;
; N/A   ; None              ; 10.641 ns       ; A[3] ; S[7] ;
; N/A   ; None              ; 10.589 ns       ; B[3] ; S[4] ;
; N/A   ; None              ; 10.581 ns       ; B[0] ; S[6] ;
; N/A   ; None              ; 10.558 ns       ; A[0] ; S[5] ;
; N/A   ; None              ; 10.517 ns       ; Cin  ; S[4] ;
; N/A   ; None              ; 10.502 ns       ; B[2] ; S[4] ;
; N/A   ; None              ; 10.447 ns       ; A[5] ; S[7] ;
; N/A   ; None              ; 10.435 ns       ; B[3] ; S[5] ;
; N/A   ; None              ; 10.432 ns       ; A[2] ; S[4] ;
; N/A   ; None              ; 10.363 ns       ; Cin  ; S[5] ;
; N/A   ; None              ; 10.350 ns       ; A[3] ; S[6] ;
; N/A   ; None              ; 10.348 ns       ; B[2] ; S[5] ;
; N/A   ; None              ; 10.347 ns       ; B[1] ; S[4] ;
; N/A   ; None              ; 10.341 ns       ; A[0] ; S[3] ;
; N/A   ; None              ; 10.315 ns       ; A[0] ; Cout ;
; N/A   ; None              ; 10.278 ns       ; A[2] ; S[5] ;
; N/A   ; None              ; 10.267 ns       ; A[4] ; S[7] ;
; N/A   ; None              ; 10.214 ns       ; B[0] ; S[4] ;
; N/A   ; None              ; 10.193 ns       ; B[1] ; S[5] ;
; N/A   ; None              ; 10.192 ns       ; B[3] ; Cout ;
; N/A   ; None              ; 10.156 ns       ; A[5] ; S[6] ;
; N/A   ; None              ; 10.152 ns       ; A[0] ; S[2] ;
; N/A   ; None              ; 10.146 ns       ; Cin  ; S[3] ;
; N/A   ; None              ; 10.131 ns       ; B[3] ; S[3] ;
; N/A   ; None              ; 10.120 ns       ; Cin  ; Cout ;
; N/A   ; None              ; 10.105 ns       ; B[2] ; Cout ;
; N/A   ; None              ; 10.080 ns       ; B[5] ; S[7] ;
; N/A   ; None              ; 10.060 ns       ; B[0] ; S[5] ;
; N/A   ; None              ; 10.060 ns       ; A[1] ; S[1] ;
; N/A   ; None              ; 10.044 ns       ; B[2] ; S[3] ;
; N/A   ; None              ; 10.035 ns       ; A[2] ; Cout ;
; N/A   ; None              ; 9.983 ns        ; A[3] ; S[4] ;
; N/A   ; None              ; 9.976 ns        ; A[4] ; S[6] ;
; N/A   ; None              ; 9.976 ns        ; B[1] ; S[3] ;
; N/A   ; None              ; 9.975 ns        ; A[2] ; S[3] ;
; N/A   ; None              ; 9.957 ns        ; Cin  ; S[2] ;
; N/A   ; None              ; 9.950 ns        ; B[1] ; Cout ;
; N/A   ; None              ; 9.945 ns        ; A[6] ; S[7] ;
; N/A   ; None              ; 9.881 ns        ; A[2] ; S[2] ;
; N/A   ; None              ; 9.852 ns        ; A[6] ; S[6] ;
; N/A   ; None              ; 9.843 ns        ; B[0] ; S[3] ;
; N/A   ; None              ; 9.835 ns        ; A[5] ; S[5] ;
; N/A   ; None              ; 9.829 ns        ; A[3] ; S[5] ;
; N/A   ; None              ; 9.817 ns        ; B[0] ; Cout ;
; N/A   ; None              ; 9.789 ns        ; B[5] ; S[6] ;
; N/A   ; None              ; 9.787 ns        ; B[1] ; S[2] ;
; N/A   ; None              ; 9.758 ns        ; Cin  ; S[1] ;
; N/A   ; None              ; 9.726 ns        ; A[7] ; S[7] ;
; N/A   ; None              ; 9.725 ns        ; A[0] ; S[1] ;
; N/A   ; None              ; 9.654 ns        ; B[0] ; S[2] ;
; N/A   ; None              ; 9.639 ns        ; A[4] ; S[4] ;
; N/A   ; None              ; 9.618 ns        ; B[4] ; S[7] ;
; N/A   ; None              ; 9.602 ns        ; B[2] ; S[2] ;
; N/A   ; None              ; 9.586 ns        ; A[3] ; Cout ;
; N/A   ; None              ; 9.565 ns        ; Cin  ; S[0] ;
; N/A   ; None              ; 9.552 ns        ; B[7] ; S[7] ;
; N/A   ; None              ; 9.532 ns        ; A[0] ; S[0] ;
; N/A   ; None              ; 9.524 ns        ; A[3] ; S[3] ;
; N/A   ; None              ; 9.485 ns        ; A[4] ; S[5] ;
; N/A   ; None              ; 9.392 ns        ; A[5] ; Cout ;
; N/A   ; None              ; 9.327 ns        ; B[4] ; S[6] ;
; N/A   ; None              ; 9.297 ns        ; B[6] ; S[7] ;
; N/A   ; None              ; 9.213 ns        ; B[6] ; S[6] ;
; N/A   ; None              ; 9.212 ns        ; A[4] ; Cout ;
; N/A   ; None              ; 9.187 ns        ; B[4] ; S[5] ;
; N/A   ; None              ; 9.114 ns        ; B[0] ; S[1] ;
; N/A   ; None              ; 9.025 ns        ; B[5] ; Cout ;
; N/A   ; None              ; 8.998 ns        ; B[4] ; S[4] ;
; N/A   ; None              ; 8.963 ns        ; B[5] ; S[5] ;
; N/A   ; None              ; 8.890 ns        ; B[0] ; S[0] ;
; N/A   ; None              ; 8.883 ns        ; B[1] ; S[1] ;
; N/A   ; None              ; 8.856 ns        ; A[6] ; Cout ;
; N/A   ; None              ; 8.702 ns        ; A[7] ; Cout ;
; N/A   ; None              ; 8.563 ns        ; B[4] ; Cout ;
; N/A   ; None              ; 8.497 ns        ; B[7] ; Cout ;
; N/A   ; None              ; 8.241 ns        ; B[6] ; Cout ;
+-------+-------------------+-----------------+------+------+


+--------------------------+
; Timing Analyzer Messages ;
+--------------------------+
Info: *******************************************************************
Info: Running Quartus II Classic Timing Analyzer
    Info: Version 8.1 Build 163 10/28/2008 SJ Web Edition
    Info: Processing started: Sat Mar 05 19:58:31 2022
Info: Command: quartus_tan --read_settings_files=off --write_settings_files=off problem1 -c problem1 --timing_analysis_only
Info: Longest tpd from source pin "A[1]" to destination pin "S[7]" is 12.028 ns
    Info: 1: + IC(0.000 ns) + CELL(0.857 ns) = 0.857 ns; Loc. = PIN_AB17; Fanout = 2; PIN Node = 'A[1]'
    Info: 2: + IC(5.031 ns) + CELL(0.366 ns) = 6.254 ns; Loc. = LCCOMB_X21_Y20_N6; Fanout = 3; COMB Node = 'fulladd:stage1|carryout~148'
    Info: 3: + IC(0.256 ns) + CELL(0.228 ns) = 6.738 ns; Loc. = LCCOMB_X21_Y20_N24; Fanout = 3; COMB Node = 'fulladd:stage3|carryout~89'
    Info: 4: + IC(0.249 ns) + CELL(0.228 ns) = 7.215 ns; Loc. = LCCOMB_X21_Y20_N2; Fanout = 3; COMB Node = 'fulladd:stage5|carryout~89'
    Info: 5: + IC(0.271 ns) + CELL(0.366 ns) = 7.852 ns; Loc. = LCCOMB_X21_Y20_N20; Fanout = 1; COMB Node = 'fulladd:stage7|sum'
    Info: 6: + IC(2.224 ns) + CELL(1.952 ns) = 12.028 ns; Loc. = PIN_V12; Fanout = 0; PIN Node = 'S[7]'
    Info: Total cell delay = 3.997 ns ( 33.23 % )
    Info: Total interconnect delay = 8.031 ns ( 66.77 % )
Info: Quartus II Classic Timing Analyzer was successful. 0 errors, 0 warnings
    Info: Peak virtual memory: 181 megabytes
    Info: Processing ended: Sat Mar 05 19:58:31 2022
    Info: Elapsed time: 00:00:00
    Info: Total CPU time (on all processors): 00:00:00


