Flow report for Lab_0
Tue Feb 15 12:56:47 2022
Quartus II Version 8.1 Build 163 10/28/2008 SJ Web Edition


---------------------
; Table of Contents ;
---------------------
  1. Legal Notice
  2. Flow Summary
  3. Flow Settings
  4. Flow Non-Default Global Settings
  5. Flow Elapsed Time
  6. Flow OS Summary
  7. Flow Log



----------------
; Legal Notice ;
----------------
Copyright (C) 1991-2008 Altera Corporation
Your use of Altera Corporation's design tools, logic functions 
and other software and tools, and its AMPP partner logic 
functions, and any output files from any of the foregoing 
(including device programming or simulation files), and any 
associated documentation or information are expressly subject 
to the terms and conditions of the Altera Program License 
Subscription Agreement, Altera MegaCore Function License 
Agreement, or other applicable license agreement, including, 
without limitation, that your use is for the sole purpose of 
programming logic devices manufactured by Altera and sold by 
Altera or its authorized distributors.  Please refer to the 
applicable agreement for further details.



+-------------------------------------------------------------------------+
; Flow Summary                                                            ;
+-------------------------------+-----------------------------------------+
; Flow Status                   ; Successful - Tue Feb 15 12:56:47 2022   ;
; Quartus II Version            ; 8.1 Build 163 10/28/2008 SJ Web Edition ;
; Revision Name                 ; Lab_0                                   ;
; Top-level Entity Name         ; Lab_0                                   ;
; Family                        ; Stratix II                              ;
; Met timing requirements       ; Yes                                     ;
; Logic utilization             ; < 1 %                                   ;
;     Combinational ALUTs       ; 1 / 12,480 ( < 1 % )                    ;
;     Dedicated logic registers ; 0 / 12,480 ( 0 % )                      ;
; Total registers               ; 0                                       ;
; Total pins                    ; 3 / 343 ( < 1 % )                       ;
; Total virtual pins            ; 0                                       ;
; Total block memory bits       ; 0 / 419,328 ( 0 % )                     ;
; DSP block 9-bit elements      ; 0 / 96 ( 0 % )                          ;
; Total PLLs                    ; 0 / 6 ( 0 % )                           ;
; Total DLLs                    ; 0 / 2 ( 0 % )                           ;
; Device                        ; EP2S15F484C3                            ;
; Timing Models                 ; Final                                   ;
+-------------------------------+-----------------------------------------+


+-----------------------------------------+
; Flow Settings                           ;
+-------------------+---------------------+
; Option            ; Setting             ;
+-------------------+---------------------+
; Start date & time ; 02/15/2022 12:56:35 ;
; Main task         ; Compilation         ;
; Revision Name     ; Lab_0               ;
+-------------------+---------------------+


+--------------------------------------------------------------------------------------------------------------------+
; Flow Non-Default Global Settings                                                                                   ;
+------------------------------------+--------------------------------+---------------+-------------+----------------+
; Assignment Name                    ; Value                          ; Default Value ; Entity Name ; Section Id     ;
+------------------------------------+--------------------------------+---------------+-------------+----------------+
; COMPILER_SIGNATURE_ID              ; 97351240987550.164490819533844 ; --            ; --          ; --             ;
; PARTITION_COLOR                    ; 16764057                       ; --            ; --          ; Top            ;
; PARTITION_NETLIST_TYPE             ; SOURCE                         ; --            ; --          ; Top            ;
; USE_GENERATED_PHYSICAL_CONSTRAINTS ; Off                            ; --            ; --          ; eda_blast_fpga ;
+------------------------------------+--------------------------------+---------------+-------------+----------------+


+-----------------------------------------------------------------------------------------------------------------------------+
; Flow Elapsed Time                                                                                                           ;
+-------------------------+--------------+-------------------------+---------------------+------------------------------------+
; Module Name             ; Elapsed Time ; Average Processors Used ; Peak Virtual Memory ; Total CPU Time (on all processors) ;
+-------------------------+--------------+-------------------------+---------------------+------------------------------------+
; Analysis & Synthesis    ; 00:00:01     ; 1.0                     ; 217 MB              ; 00:00:01                           ;
; Fitter                  ; 00:00:04     ; 1.0                     ; 268 MB              ; 00:00:03                           ;
; Assembler               ; 00:00:03     ; 1.0                     ; 234 MB              ; 00:00:02                           ;
; Classic Timing Analyzer ; 00:00:00     ; 1.0                     ; 168 MB              ; 00:00:00                           ;
; Total                   ; 00:00:08     ; --                      ; --                  ; 00:00:06                           ;
+-------------------------+--------------+-------------------------+---------------------+------------------------------------+


+------------------------------------------------------------------------------------------+
; Flow OS Summary                                                                          ;
+-------------------------+------------------+---------------+------------+----------------+
; Module Name             ; Machine Hostname ; OS Name       ; OS Version ; Processor type ;
+-------------------------+------------------+---------------+------------+----------------+
; Analysis & Synthesis    ; DESKTOP-TD9C3QI  ; Windows Vista ; 6.2        ; x86_64         ;
; Fitter                  ; DESKTOP-TD9C3QI  ; Windows Vista ; 6.2        ; x86_64         ;
; Assembler               ; DESKTOP-TD9C3QI  ; Windows Vista ; 6.2        ; x86_64         ;
; Classic Timing Analyzer ; DESKTOP-TD9C3QI  ; Windows Vista ; 6.2        ; x86_64         ;
+-------------------------+------------------+---------------+------------+----------------+


------------
; Flow Log ;
------------
quartus_map --read_settings_files=on --write_settings_files=off Lab_0 -c Lab_0
quartus_fit --read_settings_files=off --write_settings_files=off Lab_0 -c Lab_0
quartus_asm --read_settings_files=off --write_settings_files=off Lab_0 -c Lab_0
quartus_tan --read_settings_files=off --write_settings_files=off Lab_0 -c Lab_0 --timing_analysis_only



