Classic Timing Analyzer report for prob2_2
Mon Mar 28 15:38:44 2022
Quartus II Version 8.1 Build 163 10/28/2008 SJ Web Edition


---------------------
; Table of Contents ;
---------------------
  1. Legal Notice
  2. Timing Analyzer Summary
  3. Timing Analyzer Settings
  4. Clock Settings Summary
  5. Clock Setup: 'clock'
  6. tsu
  7. tco
  8. th
  9. Timing Analyzer Messages



----------------
; Legal Notice ;
----------------
Copyright (C) 1991-2008 Altera Corporation
Your use of Altera Corporation's design tools, logic functions 
and other software and tools, and its AMPP partner logic 
functions, and any output files from any of the foregoing 
(including device programming or simulation files), and any 
associated documentation or information are expressly subject 
to the terms and conditions of the Altera Program License 
Subscription Agreement, Altera MegaCore Function License 
Agreement, or other applicable license agreement, including, 
without limitation, that your use is for the sole purpose of 
programming logic devices manufactured by Altera and sold by 
Altera or its authorized distributors.  Please refer to the 
applicable agreement for further details.



+----------------------------------------------------------------------------------------------------------------------------------------------------------------------------------+
; Timing Analyzer Summary                                                                                                                                                          ;
+------------------------------+-------+---------------+------------------------------------------------+-----------------+-----------------+------------+----------+--------------+
; Type                         ; Slack ; Required Time ; Actual Time                                    ; From            ; To              ; From Clock ; To Clock ; Failed Paths ;
+------------------------------+-------+---------------+------------------------------------------------+-----------------+-----------------+------------+----------+--------------+
; Worst-case tsu               ; N/A   ; None          ; 3.529 ns                                       ; mny[0]          ; chg[0]~reg0     ; --         ; clock    ; 0            ;
; Worst-case tco               ; N/A   ; None          ; 6.465 ns                                       ; chg[0]~reg0     ; buy             ; clock      ; --       ; 0            ;
; Worst-case th                ; N/A   ; None          ; -2.650 ns                                      ; mny[1]          ; next_state~reg0 ; --         ; clock    ; 0            ;
; Clock Setup: 'clock'         ; N/A   ; None          ; Restricted to 500.00 MHz ( period = 2.000 ns ) ; next_state~reg0 ; next_state~reg0 ; clock      ; clock    ; 0            ;
; Total number of failed paths ;       ;               ;                                                ;                 ;                 ;            ;          ; 0            ;
+------------------------------+-------+---------------+------------------------------------------------+-----------------+-----------------+------------+----------+--------------+


+--------------------------------------------------------------------------------------------------------------------+
; Timing Analyzer Settings                                                                                           ;
+---------------------------------------------------------------------+--------------------+------+----+-------------+
; Option                                                              ; Setting            ; From ; To ; Entity Name ;
+---------------------------------------------------------------------+--------------------+------+----+-------------+
; Device Name                                                         ; EP2S15F484C3       ;      ;    ;             ;
; Timing Models                                                       ; Final              ;      ;    ;             ;
; Default hold multicycle                                             ; Same as Multicycle ;      ;    ;             ;
; Cut paths between unrelated clock domains                           ; On                 ;      ;    ;             ;
; Cut off read during write signal paths                              ; On                 ;      ;    ;             ;
; Cut off feedback from I/O pins                                      ; On                 ;      ;    ;             ;
; Report Combined Fast/Slow Timing                                    ; Off                ;      ;    ;             ;
; Ignore Clock Settings                                               ; Off                ;      ;    ;             ;
; Analyze latches as synchronous elements                             ; On                 ;      ;    ;             ;
; Enable Recovery/Removal analysis                                    ; Off                ;      ;    ;             ;
; Enable Clock Latency                                                ; Off                ;      ;    ;             ;
; Use TimeQuest Timing Analyzer                                       ; Off                ;      ;    ;             ;
; Number of source nodes to report per destination node               ; 10                 ;      ;    ;             ;
; Number of destination nodes to report                               ; 10                 ;      ;    ;             ;
; Number of paths to report                                           ; 200                ;      ;    ;             ;
; Report Minimum Timing Checks                                        ; Off                ;      ;    ;             ;
; Use Fast Timing Models                                              ; Off                ;      ;    ;             ;
; Report IO Paths Separately                                          ; Off                ;      ;    ;             ;
; Perform Multicorner Analysis                                        ; On                 ;      ;    ;             ;
; Reports the worst-case path for each clock domain and analysis      ; Off                ;      ;    ;             ;
; Removes common clock path pessimism (CCPP) during slack computation ; Off                ;      ;    ;             ;
; Output I/O Timing Endpoint                                          ; Near End           ;      ;    ;             ;
+---------------------------------------------------------------------+--------------------+------+----+-------------+


+------------------------------------------------------------------------------------------------------------------------------------------------------------------------------------+
; Clock Settings Summary                                                                                                                                                             ;
+-----------------+--------------------+----------+------------------+---------------+--------------+----------+-----------------------+---------------------+--------+--------------+
; Clock Node Name ; Clock Setting Name ; Type     ; Fmax Requirement ; Early Latency ; Late Latency ; Based on ; Multiply Base Fmax by ; Divide Base Fmax by ; Offset ; Phase offset ;
+-----------------+--------------------+----------+------------------+---------------+--------------+----------+-----------------------+---------------------+--------+--------------+
; clock           ;                    ; User Pin ; None             ; 0.000 ns      ; 0.000 ns     ; --       ; N/A                   ; N/A                 ; N/A    ;              ;
+-----------------+--------------------+----------+------------------+---------------+--------------+----------+-----------------------+---------------------+--------+--------------+


+-----------------------------------------------------------------------------------------------------------------------------------------------------------------------------------------------------------+
; Clock Setup: 'clock'                                                                                                                                                                                      ;
+-------+------------------------------------------------+-----------------+--------------------+------------+----------+-----------------------------+---------------------------+-------------------------+
; Slack ; Actual fmax (period)                           ; From            ; To                 ; From Clock ; To Clock ; Required Setup Relationship ; Required Longest P2P Time ; Actual Longest P2P Time ;
+-------+------------------------------------------------+-----------------+--------------------+------------+----------+-----------------------------+---------------------------+-------------------------+
; N/A   ; Restricted to 500.00 MHz ( period = 2.000 ns ) ; next_state~reg0 ; next_state~reg0    ; clock      ; clock    ; None                        ; None                      ; 0.488 ns                ;
; N/A   ; Restricted to 500.00 MHz ( period = 2.000 ns ) ; next_state~reg0 ; chg[1]~reg0        ; clock      ; clock    ; None                        ; None                      ; 0.433 ns                ;
; N/A   ; Restricted to 500.00 MHz ( period = 2.000 ns ) ; next_state~reg0 ; chg[0]~reg0        ; clock      ; clock    ; None                        ; None                      ; 0.431 ns                ;
; N/A   ; Restricted to 500.00 MHz ( period = 2.000 ns ) ; next_state~reg0 ; present_state~reg0 ; clock      ; clock    ; None                        ; None                      ; 0.430 ns                ;
; N/A   ; Restricted to 500.00 MHz ( period = 2.000 ns ) ; chg[0]~reg0     ; chg[0]~reg0        ; clock      ; clock    ; None                        ; None                      ; 0.396 ns                ;
; N/A   ; Restricted to 500.00 MHz ( period = 2.000 ns ) ; chg[1]~reg0     ; chg[1]~reg0        ; clock      ; clock    ; None                        ; None                      ; 0.396 ns                ;
+-------+------------------------------------------------+-----------------+--------------------+------------+----------+-----------------------------+---------------------------+-------------------------+


+----------------------------------------------------------------------------+
; tsu                                                                        ;
+-------+--------------+------------+--------+--------------------+----------+
; Slack ; Required tsu ; Actual tsu ; From   ; To                 ; To Clock ;
+-------+--------------+------------+--------+--------------------+----------+
; N/A   ; None         ; 3.529 ns   ; mny[0] ; chg[0]~reg0        ; clock    ;
; N/A   ; None         ; 3.430 ns   ; mny[0] ; chg[1]~reg0        ; clock    ;
; N/A   ; None         ; 3.172 ns   ; mny[0] ; next_state~reg0    ; clock    ;
; N/A   ; None         ; 3.064 ns   ; mny[1] ; chg[0]~reg0        ; clock    ;
; N/A   ; None         ; 3.047 ns   ; reset  ; chg[1]~reg0        ; clock    ;
; N/A   ; None         ; 3.037 ns   ; reset  ; next_state~reg0    ; clock    ;
; N/A   ; None         ; 3.037 ns   ; reset  ; present_state~reg0 ; clock    ;
; N/A   ; None         ; 2.951 ns   ; reset  ; chg[0]~reg0        ; clock    ;
; N/A   ; None         ; 2.932 ns   ; mny[1] ; chg[1]~reg0        ; clock    ;
; N/A   ; None         ; 2.889 ns   ; mny[1] ; next_state~reg0    ; clock    ;
+-------+--------------+------------+--------+--------------------+----------+


+-------------------------------------------------------------------------------------+
; tco                                                                                 ;
+-------+--------------+------------+--------------------+---------------+------------+
; Slack ; Required tco ; Actual tco ; From               ; To            ; From Clock ;
+-------+--------------+------------+--------------------+---------------+------------+
; N/A   ; None         ; 6.465 ns   ; chg[0]~reg0        ; buy           ; clock      ;
; N/A   ; None         ; 6.250 ns   ; next_state~reg0    ; next_state    ; clock      ;
; N/A   ; None         ; 6.245 ns   ; chg[0]~reg0        ; chg[0]        ; clock      ;
; N/A   ; None         ; 6.227 ns   ; chg[1]~reg0        ; chg[1]        ; clock      ;
; N/A   ; None         ; 5.598 ns   ; present_state~reg0 ; present_state ; clock      ;
+-------+--------------+------------+--------------------+---------------+------------+


+----------------------------------------------------------------------------------+
; th                                                                               ;
+---------------+-------------+-----------+--------+--------------------+----------+
; Minimum Slack ; Required th ; Actual th ; From   ; To                 ; To Clock ;
+---------------+-------------+-----------+--------+--------------------+----------+
; N/A           ; None        ; -2.650 ns ; mny[1] ; next_state~reg0    ; clock    ;
; N/A           ; None        ; -2.693 ns ; mny[1] ; chg[1]~reg0        ; clock    ;
; N/A           ; None        ; -2.712 ns ; reset  ; chg[0]~reg0        ; clock    ;
; N/A           ; None        ; -2.798 ns ; reset  ; next_state~reg0    ; clock    ;
; N/A           ; None        ; -2.798 ns ; reset  ; present_state~reg0 ; clock    ;
; N/A           ; None        ; -2.808 ns ; reset  ; chg[1]~reg0        ; clock    ;
; N/A           ; None        ; -2.825 ns ; mny[1] ; chg[0]~reg0        ; clock    ;
; N/A           ; None        ; -2.933 ns ; mny[0] ; next_state~reg0    ; clock    ;
; N/A           ; None        ; -3.191 ns ; mny[0] ; chg[1]~reg0        ; clock    ;
; N/A           ; None        ; -3.290 ns ; mny[0] ; chg[0]~reg0        ; clock    ;
+---------------+-------------+-----------+--------+--------------------+----------+


+--------------------------+
; Timing Analyzer Messages ;
+--------------------------+
Info: *******************************************************************
Info: Running Quartus II Classic Timing Analyzer
    Info: Version 8.1 Build 163 10/28/2008 SJ Web Edition
    Info: Processing started: Mon Mar 28 15:38:43 2022
Info: Command: quartus_tan --read_settings_files=off --write_settings_files=off prob2_2 -c prob2_2 --timing_analysis_only
Warning: Found pins functioning as undefined clocks and/or memory enables
    Info: Assuming node "clock" is an undefined clock
Info: Clock "clock" Internal fmax is restricted to 500.0 MHz between source register "next_state~reg0" and destination register "next_state~reg0"
    Info: fmax restricted to clock pin edge rate 2.0 ns. Expand message to see actual delay path.
        Info: + Longest register to register delay is 0.488 ns
            Info: 1: + IC(0.000 ns) + CELL(0.000 ns) = 0.000 ns; Loc. = LCFF_X14_Y18_N21; Fanout = 5; REG Node = 'next_state~reg0'
            Info: 2: + IC(0.000 ns) + CELL(0.333 ns) = 0.333 ns; Loc. = LCCOMB_X14_Y18_N20; Fanout = 1; COMB Node = 'next_state~160'
            Info: 3: + IC(0.000 ns) + CELL(0.155 ns) = 0.488 ns; Loc. = LCFF_X14_Y18_N21; Fanout = 5; REG Node = 'next_state~reg0'
            Info: Total cell delay = 0.488 ns ( 100.00 % )
        Info: - Smallest clock skew is 0.000 ns
            Info: + Shortest clock path from clock "clock" to destination register is 2.449 ns
                Info: 1: + IC(0.000 ns) + CELL(0.854 ns) = 0.854 ns; Loc. = PIN_N20; Fanout = 1; CLK Node = 'clock'
                Info: 2: + IC(0.343 ns) + CELL(0.000 ns) = 1.197 ns; Loc. = CLKCTRL_G3; Fanout = 4; COMB Node = 'clock~clkctrl'
                Info: 3: + IC(0.634 ns) + CELL(0.618 ns) = 2.449 ns; Loc. = LCFF_X14_Y18_N21; Fanout = 5; REG Node = 'next_state~reg0'
                Info: Total cell delay = 1.472 ns ( 60.11 % )
                Info: Total interconnect delay = 0.977 ns ( 39.89 % )
            Info: - Longest clock path from clock "clock" to source register is 2.449 ns
                Info: 1: + IC(0.000 ns) + CELL(0.854 ns) = 0.854 ns; Loc. = PIN_N20; Fanout = 1; CLK Node = 'clock'
                Info: 2: + IC(0.343 ns) + CELL(0.000 ns) = 1.197 ns; Loc. = CLKCTRL_G3; Fanout = 4; COMB Node = 'clock~clkctrl'
                Info: 3: + IC(0.634 ns) + CELL(0.618 ns) = 2.449 ns; Loc. = LCFF_X14_Y18_N21; Fanout = 5; REG Node = 'next_state~reg0'
                Info: Total cell delay = 1.472 ns ( 60.11 % )
                Info: Total interconnect delay = 0.977 ns ( 39.89 % )
        Info: + Micro clock to output delay of source is 0.094 ns
        Info: + Micro setup delay of destination is 0.090 ns
Info: tsu for register "chg[0]~reg0" (data pin = "mny[0]", clock pin = "clock") is 3.529 ns
    Info: + Longest pin to register delay is 5.888 ns
        Info: 1: + IC(0.000 ns) + CELL(0.762 ns) = 0.762 ns; Loc. = PIN_D10; Fanout = 3; PIN Node = 'mny[0]'
        Info: 2: + IC(4.614 ns) + CELL(0.357 ns) = 5.733 ns; Loc. = LCCOMB_X14_Y18_N18; Fanout = 1; COMB Node = 'chg[0]~355'
        Info: 3: + IC(0.000 ns) + CELL(0.155 ns) = 5.888 ns; Loc. = LCFF_X14_Y18_N19; Fanout = 3; REG Node = 'chg[0]~reg0'
        Info: Total cell delay = 1.274 ns ( 21.64 % )
        Info: Total interconnect delay = 4.614 ns ( 78.36 % )
    Info: + Micro setup delay of destination is 0.090 ns
    Info: - Shortest clock path from clock "clock" to destination register is 2.449 ns
        Info: 1: + IC(0.000 ns) + CELL(0.854 ns) = 0.854 ns; Loc. = PIN_N20; Fanout = 1; CLK Node = 'clock'
        Info: 2: + IC(0.343 ns) + CELL(0.000 ns) = 1.197 ns; Loc. = CLKCTRL_G3; Fanout = 4; COMB Node = 'clock~clkctrl'
        Info: 3: + IC(0.634 ns) + CELL(0.618 ns) = 2.449 ns; Loc. = LCFF_X14_Y18_N19; Fanout = 3; REG Node = 'chg[0]~reg0'
        Info: Total cell delay = 1.472 ns ( 60.11 % )
        Info: Total interconnect delay = 0.977 ns ( 39.89 % )
Info: tco from clock "clock" to destination pin "buy" through register "chg[0]~reg0" is 6.465 ns
    Info: + Longest clock path from clock "clock" to source register is 2.449 ns
        Info: 1: + IC(0.000 ns) + CELL(0.854 ns) = 0.854 ns; Loc. = PIN_N20; Fanout = 1; CLK Node = 'clock'
        Info: 2: + IC(0.343 ns) + CELL(0.000 ns) = 1.197 ns; Loc. = CLKCTRL_G3; Fanout = 4; COMB Node = 'clock~clkctrl'
        Info: 3: + IC(0.634 ns) + CELL(0.618 ns) = 2.449 ns; Loc. = LCFF_X14_Y18_N19; Fanout = 3; REG Node = 'chg[0]~reg0'
        Info: Total cell delay = 1.472 ns ( 60.11 % )
        Info: Total interconnect delay = 0.977 ns ( 39.89 % )
    Info: + Micro clock to output delay of source is 0.094 ns
    Info: + Longest register to pin delay is 3.922 ns
        Info: 1: + IC(0.000 ns) + CELL(0.000 ns) = 0.000 ns; Loc. = LCFF_X14_Y18_N19; Fanout = 3; REG Node = 'chg[0]~reg0'
        Info: 2: + IC(1.960 ns) + CELL(1.962 ns) = 3.922 ns; Loc. = PIN_Y13; Fanout = 0; PIN Node = 'buy'
        Info: Total cell delay = 1.962 ns ( 50.03 % )
        Info: Total interconnect delay = 1.960 ns ( 49.97 % )
Info: th for register "next_state~reg0" (data pin = "mny[1]", clock pin = "clock") is -2.650 ns
    Info: + Longest clock path from clock "clock" to destination register is 2.449 ns
        Info: 1: + IC(0.000 ns) + CELL(0.854 ns) = 0.854 ns; Loc. = PIN_N20; Fanout = 1; CLK Node = 'clock'
        Info: 2: + IC(0.343 ns) + CELL(0.000 ns) = 1.197 ns; Loc. = CLKCTRL_G3; Fanout = 4; COMB Node = 'clock~clkctrl'
        Info: 3: + IC(0.634 ns) + CELL(0.618 ns) = 2.449 ns; Loc. = LCFF_X14_Y18_N21; Fanout = 5; REG Node = 'next_state~reg0'
        Info: Total cell delay = 1.472 ns ( 60.11 % )
        Info: Total interconnect delay = 0.977 ns ( 39.89 % )
    Info: + Micro hold delay of destination is 0.149 ns
    Info: - Shortest pin to register delay is 5.248 ns
        Info: 1: + IC(0.000 ns) + CELL(0.820 ns) = 0.820 ns; Loc. = PIN_H22; Fanout = 3; PIN Node = 'mny[1]'
        Info: 2: + IC(4.045 ns) + CELL(0.228 ns) = 5.093 ns; Loc. = LCCOMB_X14_Y18_N20; Fanout = 1; COMB Node = 'next_state~160'
        Info: 3: + IC(0.000 ns) + CELL(0.155 ns) = 5.248 ns; Loc. = LCFF_X14_Y18_N21; Fanout = 5; REG Node = 'next_state~reg0'
        Info: Total cell delay = 1.203 ns ( 22.92 % )
        Info: Total interconnect delay = 4.045 ns ( 77.08 % )
Info: Quartus II Classic Timing Analyzer was successful. 0 errors, 1 warning
    Info: Peak virtual memory: 183 megabytes
    Info: Processing ended: Mon Mar 28 15:38:44 2022
    Info: Elapsed time: 00:00:01
    Info: Total CPU time (on all processors): 00:00:00


