Simulator report for exp3
Wed Mar 02 05:19:30 2022
Quartus II Version 8.1 Build 163 10/28/2008 SJ Web Edition


---------------------
; Table of Contents ;
---------------------
  1. Legal Notice
  2. Simulator Summary
  3. Simulator Settings
  4. Simulation Waveforms
  5. Coverage Summary
  6. Complete 1/0-Value Coverage
  7. Missing 1-Value Coverage
  8. Missing 0-Value Coverage
  9. Simulator INI Usage
 10. Simulator Messages



----------------
; Legal Notice ;
----------------
Copyright (C) 1991-2008 Altera Corporation
Your use of Altera Corporation's design tools, logic functions 
and other software and tools, and its AMPP partner logic 
functions, and any output files from any of the foregoing 
(including device programming or simulation files), and any 
associated documentation or information are expressly subject 
to the terms and conditions of the Altera Program License 
Subscription Agreement, Altera MegaCore Function License 
Agreement, or other applicable license agreement, including, 
without limitation, that your use is for the sole purpose of 
programming logic devices manufactured by Altera and sold by 
Altera or its authorized distributors.  Please refer to the 
applicable agreement for further details.



+--------------------------------------------+
; Simulator Summary                          ;
+-----------------------------+--------------+
; Type                        ; Value        ;
+-----------------------------+--------------+
; Simulation Start Time       ; 0 ps         ;
; Simulation End Time         ; 1.0 us       ;
; Simulation Netlist Size     ; 27 nodes     ;
; Simulation Coverage         ;      85.19 % ;
; Total Number of Transitions ; 1317         ;
; Simulation Breakpoints      ; 0            ;
; Family                      ; Stratix II   ;
+-----------------------------+--------------+


+-------------------------------------------------------------------------------------------------------------------------+
; Simulator Settings                                                                                                      ;
+--------------------------------------------------------------------------------------------+------------+---------------+
; Option                                                                                     ; Setting    ; Default Value ;
+--------------------------------------------------------------------------------------------+------------+---------------+
; Simulation mode                                                                            ; Functional ; Timing        ;
; Start time                                                                                 ; 0 ns       ; 0 ns          ;
; Simulation results format                                                                  ; CVWF       ;               ;
; Add pins automatically to simulation output waveforms                                      ; On         ; On            ;
; Check outputs                                                                              ; Off        ; Off           ;
; Report simulation coverage                                                                 ; On         ; On            ;
; Display complete 1/0 value coverage report                                                 ; On         ; On            ;
; Display missing 1-value coverage report                                                    ; On         ; On            ;
; Display missing 0-value coverage report                                                    ; On         ; On            ;
; Detect setup and hold time violations                                                      ; Off        ; Off           ;
; Detect glitches                                                                            ; Off        ; Off           ;
; Disable timing delays in Timing Simulation                                                 ; Off        ; Off           ;
; Generate Signal Activity File                                                              ; Off        ; Off           ;
; Generate VCD File for PowerPlay Power Analyzer                                             ; Off        ; Off           ;
; Group bus channels in simulation results                                                   ; Off        ; Off           ;
; Preserve fewer signal transitions to reduce memory requirements                            ; On         ; On            ;
; Trigger vector comparison with the specified mode                                          ; INPUT_EDGE ; INPUT_EDGE    ;
; Disable setup and hold time violations detection in input registers of bi-directional pins ; Off        ; Off           ;
; Overwrite Waveform Inputs With Simulation Outputs                                          ; Off        ;               ;
; Perform Glitch Filtering in Timing Simulation                                              ; Auto       ; Auto          ;
+--------------------------------------------------------------------------------------------+------------+---------------+


+----------------------+
; Simulation Waveforms ;
+----------------------+
Waveform report data cannot be output to ASCII.
Please use Quartus II to view the waveform report data.


+--------------------------------------------------------------------+
; Coverage Summary                                                   ;
+-----------------------------------------------------+--------------+
; Type                                                ; Value        ;
+-----------------------------------------------------+--------------+
; Total coverage as a percentage                      ;      85.19 % ;
; Total nodes checked                                 ; 27           ;
; Total output ports checked                          ; 27           ;
; Total output ports with complete 1/0-value coverage ; 23           ;
; Total output ports with no 1/0-value coverage       ; 2            ;
; Total output ports with no 1-value coverage         ; 4            ;
; Total output ports with no 0-value coverage         ; 2            ;
+-----------------------------------------------------+--------------+


The following table displays output ports that toggle between 1 and 0 during simulation.
+----------------------------------------------------------+
; Complete 1/0-Value Coverage                              ;
+-------------------+-------------------+------------------+
; Node Name         ; Output Port Name  ; Output Port Type ;
+-------------------+-------------------+------------------+
; |exp3|WideOr0     ; |exp3|WideOr0     ; out0             ;
; |exp3|WideOr1     ; |exp3|WideOr1     ; out0             ;
; |exp3|WideOr2     ; |exp3|WideOr2     ; out0             ;
; |exp3|z~reg0      ; |exp3|z~reg0      ; regout           ;
; |exp3|y~0         ; |exp3|y~0         ; out              ;
; |exp3|WideOr3     ; |exp3|WideOr3     ; out0             ;
; |exp3|WideOr4     ; |exp3|WideOr4     ; out0             ;
; |exp3|y~2         ; |exp3|y~2         ; out              ;
; |exp3|y.A         ; |exp3|y.A         ; regout           ;
; |exp3|y.B         ; |exp3|y.B         ; regout           ;
; |exp3|y.C         ; |exp3|y.C         ; regout           ;
; |exp3|y.D         ; |exp3|y.D         ; regout           ;
; |exp3|y.F         ; |exp3|y.F         ; regout           ;
; |exp3|y.G         ; |exp3|y.G         ; regout           ;
; |exp3|z           ; |exp3|z           ; pin_out          ;
; |exp3|w           ; |exp3|w           ; out              ;
; |exp3|clock       ; |exp3|clock       ; out              ;
; |exp3|y~3         ; |exp3|y~3         ; out0             ;
; |exp3|Selector0~3 ; |exp3|Selector0~3 ; out0             ;
; |exp3|Selector1~3 ; |exp3|Selector1~3 ; out0             ;
; |exp3|Selector2~3 ; |exp3|Selector2~3 ; out0             ;
; |exp3|Selector3~3 ; |exp3|Selector3~3 ; out0             ;
; |exp3|Selector4~3 ; |exp3|Selector4~3 ; out0             ;
+-------------------+-------------------+------------------+


The following table displays output ports that do not toggle to 1 during simulation.
+---------------------------------------------------+
; Missing 1-Value Coverage                          ;
+-------------+------------------+------------------+
; Node Name   ; Output Port Name ; Output Port Type ;
+-------------+------------------+------------------+
; |exp3|y~1   ; |exp3|y~1        ; out              ;
; |exp3|y.E   ; |exp3|y.E        ; regout           ;
; |exp3|reset ; |exp3|reset      ; out              ;
; |exp3|y~4   ; |exp3|y~4        ; out0             ;
+-------------+------------------+------------------+


The following table displays output ports that do not toggle to 0 during simulation.
+-------------------------------------------------+
; Missing 0-Value Coverage                        ;
+-----------+------------------+------------------+
; Node Name ; Output Port Name ; Output Port Type ;
+-----------+------------------+------------------+
; |exp3|y~1 ; |exp3|y~1        ; out              ;
; |exp3|y.E ; |exp3|y.E        ; regout           ;
+-----------+------------------+------------------+


+---------------------+
; Simulator INI Usage ;
+--------+------------+
; Option ; Usage      ;
+--------+------------+


+--------------------+
; Simulator Messages ;
+--------------------+
Info: *******************************************************************
Info: Running Quartus II Simulator
    Info: Version 8.1 Build 163 10/28/2008 SJ Web Edition
    Info: Processing started: Wed Mar 02 05:19:30 2022
Info: Command: quartus_sim --read_settings_files=on --write_settings_files=off exp3 -c exp3
Info: Using vector source file "D:/Downloads/Spring  2022/Spring 2022 submissions/CSE460/CSE460 Lab/Lab 3/exp3/exp3.vwf"
Info: Option to preserve fewer signal transitions to reduce memory requirements is enabled
    Info: Simulation has been partitioned into sub-simulations according to the maximum transition count determined by the engine. Transitions from memory will be flushed out to disk at the end of each sub-simulation to reduce memory requirements.
Warning: Found clock-sensitive change during active clock edge at time 140.0 ns on register "|exp3|z~reg0"
Info: Simulation partitioned into 1 sub-simulations
Info: Simulation coverage is      85.19 %
Info: Number of transitions in simulation is 1317
Info: Quartus II Simulator was successful. 0 errors, 1 warning
    Info: Peak virtual memory: 152 megabytes
    Info: Processing ended: Wed Mar 02 05:19:30 2022
    Info: Elapsed time: 00:00:00
    Info: Total CPU time (on all processors): 00:00:00


