Classic Timing Analyzer report for exp1
Tue Apr 05 04:31:32 2022
Quartus II Version 8.1 Build 163 10/28/2008 SJ Web Edition


---------------------
; Table of Contents ;
---------------------
  1. Legal Notice
  2. Timing Analyzer Summary
  3. Timing Analyzer Settings
  4. Clock Settings Summary
  5. Clock Setup: 'clock'
  6. tsu
  7. tco
  8. th
  9. Timing Analyzer Messages



----------------
; Legal Notice ;
----------------
Copyright (C) 1991-2008 Altera Corporation
Your use of Altera Corporation's design tools, logic functions 
and other software and tools, and its AMPP partner logic 
functions, and any output files from any of the foregoing 
(including device programming or simulation files), and any 
associated documentation or information are expressly subject 
to the terms and conditions of the Altera Program License 
Subscription Agreement, Altera MegaCore Function License 
Agreement, or other applicable license agreement, including, 
without limitation, that your use is for the sole purpose of 
programming logic devices manufactured by Altera and sold by 
Altera or its authorized distributors.  Please refer to the 
applicable agreement for further details.



+--------------------------------------------------------------------------------------------------------------------------------------------------------------------------------------------+
; Timing Analyzer Summary                                                                                                                                                                    ;
+------------------------------+-------+---------------+------------------------------------------------+----------------------+----------------------+------------+----------+--------------+
; Type                         ; Slack ; Required Time ; Actual Time                                    ; From                 ; To                   ; From Clock ; To Clock ; Failed Paths ;
+------------------------------+-------+---------------+------------------------------------------------+----------------------+----------------------+------------+----------+--------------+
; Worst-case tsu               ; N/A   ; None          ; 3.478 ns                                       ; reset                ; presentState[1]~reg0 ; --         ; clock    ; 0            ;
; Worst-case tco               ; N/A   ; None          ; 7.029 ns                                       ; presentState[0]~reg0 ; presentState[0]      ; clock      ; --       ; 0            ;
; Worst-case th                ; N/A   ; None          ; -2.240 ns                                      ; w                    ; nextState[2]~reg0    ; --         ; clock    ; 0            ;
; Clock Setup: 'clock'         ; N/A   ; None          ; Restricted to 500.00 MHz ( period = 2.000 ns ) ; nextState[1]~reg0    ; nextState[2]~reg0    ; clock      ; clock    ; 0            ;
; Total number of failed paths ;       ;               ;                                                ;                      ;                      ;            ;          ; 0            ;
+------------------------------+-------+---------------+------------------------------------------------+----------------------+----------------------+------------+----------+--------------+


+--------------------------------------------------------------------------------------------------------------------+
; Timing Analyzer Settings                                                                                           ;
+---------------------------------------------------------------------+--------------------+------+----+-------------+
; Option                                                              ; Setting            ; From ; To ; Entity Name ;
+---------------------------------------------------------------------+--------------------+------+----+-------------+
; Device Name                                                         ; EP2S15F484C3       ;      ;    ;             ;
; Timing Models                                                       ; Final              ;      ;    ;             ;
; Default hold multicycle                                             ; Same as Multicycle ;      ;    ;             ;
; Cut paths between unrelated clock domains                           ; On                 ;      ;    ;             ;
; Cut off read during write signal paths                              ; On                 ;      ;    ;             ;
; Cut off feedback from I/O pins                                      ; On                 ;      ;    ;             ;
; Report Combined Fast/Slow Timing                                    ; Off                ;      ;    ;             ;
; Ignore Clock Settings                                               ; Off                ;      ;    ;             ;
; Analyze latches as synchronous elements                             ; On                 ;      ;    ;             ;
; Enable Recovery/Removal analysis                                    ; Off                ;      ;    ;             ;
; Enable Clock Latency                                                ; Off                ;      ;    ;             ;
; Use TimeQuest Timing Analyzer                                       ; Off                ;      ;    ;             ;
; Number of source nodes to report per destination node               ; 10                 ;      ;    ;             ;
; Number of destination nodes to report                               ; 10                 ;      ;    ;             ;
; Number of paths to report                                           ; 200                ;      ;    ;             ;
; Report Minimum Timing Checks                                        ; Off                ;      ;    ;             ;
; Use Fast Timing Models                                              ; Off                ;      ;    ;             ;
; Report IO Paths Separately                                          ; Off                ;      ;    ;             ;
; Perform Multicorner Analysis                                        ; On                 ;      ;    ;             ;
; Reports the worst-case path for each clock domain and analysis      ; Off                ;      ;    ;             ;
; Removes common clock path pessimism (CCPP) during slack computation ; Off                ;      ;    ;             ;
; Output I/O Timing Endpoint                                          ; Near End           ;      ;    ;             ;
+---------------------------------------------------------------------+--------------------+------+----+-------------+


+------------------------------------------------------------------------------------------------------------------------------------------------------------------------------------+
; Clock Settings Summary                                                                                                                                                             ;
+-----------------+--------------------+----------+------------------+---------------+--------------+----------+-----------------------+---------------------+--------+--------------+
; Clock Node Name ; Clock Setting Name ; Type     ; Fmax Requirement ; Early Latency ; Late Latency ; Based on ; Multiply Base Fmax by ; Divide Base Fmax by ; Offset ; Phase offset ;
+-----------------+--------------------+----------+------------------+---------------+--------------+----------+-----------------------+---------------------+--------+--------------+
; clock           ;                    ; User Pin ; None             ; 0.000 ns      ; 0.000 ns     ; --       ; N/A                   ; N/A                 ; N/A    ;              ;
+-----------------+--------------------+----------+------------------+---------------+--------------+----------+-----------------------+---------------------+--------+--------------+


+---------------------------------------------------------------------------------------------------------------------------------------------------------------------------------------------------------------+
; Clock Setup: 'clock'                                                                                                                                                                                          ;
+-------+------------------------------------------------+-------------------+----------------------+------------+----------+-----------------------------+---------------------------+-------------------------+
; Slack ; Actual fmax (period)                           ; From              ; To                   ; From Clock ; To Clock ; Required Setup Relationship ; Required Longest P2P Time ; Actual Longest P2P Time ;
+-------+------------------------------------------------+-------------------+----------------------+------------+----------+-----------------------------+---------------------------+-------------------------+
; N/A   ; Restricted to 500.00 MHz ( period = 2.000 ns ) ; nextState[1]~reg0 ; nextState[2]~reg0    ; clock      ; clock    ; None                        ; None                      ; 0.723 ns                ;
; N/A   ; Restricted to 500.00 MHz ( period = 2.000 ns ) ; nextState[1]~reg0 ; nextState[0]~reg0    ; clock      ; clock    ; None                        ; None                      ; 0.639 ns                ;
; N/A   ; Restricted to 500.00 MHz ( period = 2.000 ns ) ; nextState[2]~reg0 ; nextState[1]~reg0    ; clock      ; clock    ; None                        ; None                      ; 0.639 ns                ;
; N/A   ; Restricted to 500.00 MHz ( period = 2.000 ns ) ; nextState[2]~reg0 ; presentState[2]~reg0 ; clock      ; clock    ; None                        ; None                      ; 0.535 ns                ;
; N/A   ; Restricted to 500.00 MHz ( period = 2.000 ns ) ; nextState[2]~reg0 ; nextState[0]~reg0    ; clock      ; clock    ; None                        ; None                      ; 0.533 ns                ;
; N/A   ; Restricted to 500.00 MHz ( period = 2.000 ns ) ; nextState[0]~reg0 ; nextState[0]~reg0    ; clock      ; clock    ; None                        ; None                      ; 0.488 ns                ;
; N/A   ; Restricted to 500.00 MHz ( period = 2.000 ns ) ; nextState[1]~reg0 ; nextState[1]~reg0    ; clock      ; clock    ; None                        ; None                      ; 0.488 ns                ;
; N/A   ; Restricted to 500.00 MHz ( period = 2.000 ns ) ; nextState[2]~reg0 ; nextState[2]~reg0    ; clock      ; clock    ; None                        ; None                      ; 0.488 ns                ;
; N/A   ; Restricted to 500.00 MHz ( period = 2.000 ns ) ; nextState[0]~reg0 ; nextState[1]~reg0    ; clock      ; clock    ; None                        ; None                      ; 0.442 ns                ;
; N/A   ; Restricted to 500.00 MHz ( period = 2.000 ns ) ; nextState[0]~reg0 ; nextState[2]~reg0    ; clock      ; clock    ; None                        ; None                      ; 0.440 ns                ;
; N/A   ; Restricted to 500.00 MHz ( period = 2.000 ns ) ; nextState[0]~reg0 ; presentState[0]~reg0 ; clock      ; clock    ; None                        ; None                      ; 0.438 ns                ;
; N/A   ; Restricted to 500.00 MHz ( period = 2.000 ns ) ; nextState[1]~reg0 ; presentState[1]~reg0 ; clock      ; clock    ; None                        ; None                      ; 0.426 ns                ;
+-------+------------------------------------------------+-------------------+----------------------+------------+----------+-----------------------------+---------------------------+-------------------------+


+-----------------------------------------------------------------------------+
; tsu                                                                         ;
+-------+--------------+------------+-------+----------------------+----------+
; Slack ; Required tsu ; Actual tsu ; From  ; To                   ; To Clock ;
+-------+--------------+------------+-------+----------------------+----------+
; N/A   ; None         ; 3.478 ns   ; reset ; presentState[0]~reg0 ; clock    ;
; N/A   ; None         ; 3.478 ns   ; reset ; nextState[0]~reg0    ; clock    ;
; N/A   ; None         ; 3.478 ns   ; reset ; nextState[2]~reg0    ; clock    ;
; N/A   ; None         ; 3.478 ns   ; reset ; presentState[1]~reg0 ; clock    ;
; N/A   ; None         ; 3.476 ns   ; reset ; nextState[1]~reg0    ; clock    ;
; N/A   ; None         ; 3.476 ns   ; reset ; presentState[2]~reg0 ; clock    ;
; N/A   ; None         ; 2.480 ns   ; w     ; nextState[0]~reg0    ; clock    ;
; N/A   ; None         ; 2.479 ns   ; w     ; nextState[1]~reg0    ; clock    ;
; N/A   ; None         ; 2.479 ns   ; w     ; nextState[2]~reg0    ; clock    ;
+-------+--------------+------------+-------+----------------------+----------+


+-----------------------------------------------------------------------------------------+
; tco                                                                                     ;
+-------+--------------+------------+----------------------+-----------------+------------+
; Slack ; Required tco ; Actual tco ; From                 ; To              ; From Clock ;
+-------+--------------+------------+----------------------+-----------------+------------+
; N/A   ; None         ; 7.029 ns   ; presentState[0]~reg0 ; presentState[0] ; clock      ;
; N/A   ; None         ; 6.997 ns   ; presentState[1]~reg0 ; presentState[1] ; clock      ;
; N/A   ; None         ; 5.505 ns   ; nextState[2]~reg0    ; nextState[2]    ; clock      ;
; N/A   ; None         ; 5.340 ns   ; presentState[2]~reg0 ; presentState[2] ; clock      ;
; N/A   ; None         ; 5.300 ns   ; nextState[0]~reg0    ; nextState[0]    ; clock      ;
; N/A   ; None         ; 5.047 ns   ; nextState[1]~reg0    ; nextState[1]    ; clock      ;
+-------+--------------+------------+----------------------+-----------------+------------+


+-----------------------------------------------------------------------------------+
; th                                                                                ;
+---------------+-------------+-----------+-------+----------------------+----------+
; Minimum Slack ; Required th ; Actual th ; From  ; To                   ; To Clock ;
+---------------+-------------+-----------+-------+----------------------+----------+
; N/A           ; None        ; -2.240 ns ; w     ; nextState[1]~reg0    ; clock    ;
; N/A           ; None        ; -2.240 ns ; w     ; nextState[2]~reg0    ; clock    ;
; N/A           ; None        ; -2.241 ns ; w     ; nextState[0]~reg0    ; clock    ;
; N/A           ; None        ; -3.237 ns ; reset ; nextState[1]~reg0    ; clock    ;
; N/A           ; None        ; -3.237 ns ; reset ; presentState[2]~reg0 ; clock    ;
; N/A           ; None        ; -3.239 ns ; reset ; presentState[0]~reg0 ; clock    ;
; N/A           ; None        ; -3.239 ns ; reset ; nextState[0]~reg0    ; clock    ;
; N/A           ; None        ; -3.239 ns ; reset ; nextState[2]~reg0    ; clock    ;
; N/A           ; None        ; -3.239 ns ; reset ; presentState[1]~reg0 ; clock    ;
+---------------+-------------+-----------+-------+----------------------+----------+


+--------------------------+
; Timing Analyzer Messages ;
+--------------------------+
Info: *******************************************************************
Info: Running Quartus II Classic Timing Analyzer
    Info: Version 8.1 Build 163 10/28/2008 SJ Web Edition
    Info: Processing started: Tue Apr 05 04:31:31 2022
Info: Command: quartus_tan --read_settings_files=off --write_settings_files=off exp1 -c exp1 --timing_analysis_only
Warning: Found pins functioning as undefined clocks and/or memory enables
    Info: Assuming node "clock" is an undefined clock
Info: Clock "clock" Internal fmax is restricted to 500.0 MHz between source register "nextState[1]~reg0" and destination register "nextState[2]~reg0"
    Info: fmax restricted to clock pin edge rate 2.0 ns. Expand message to see actual delay path.
        Info: + Longest register to register delay is 0.723 ns
            Info: 1: + IC(0.000 ns) + CELL(0.000 ns) = 0.000 ns; Loc. = LCFF_X1_Y6_N27; Fanout = 5; REG Node = 'nextState[1]~reg0'
            Info: 2: + IC(0.340 ns) + CELL(0.228 ns) = 0.568 ns; Loc. = LCCOMB_X1_Y6_N22; Fanout = 1; COMB Node = 'nextState~348'
            Info: 3: + IC(0.000 ns) + CELL(0.155 ns) = 0.723 ns; Loc. = LCFF_X1_Y6_N23; Fanout = 5; REG Node = 'nextState[2]~reg0'
            Info: Total cell delay = 0.383 ns ( 52.97 % )
            Info: Total interconnect delay = 0.340 ns ( 47.03 % )
        Info: - Smallest clock skew is 0.000 ns
            Info: + Shortest clock path from clock "clock" to destination register is 2.464 ns
                Info: 1: + IC(0.000 ns) + CELL(0.854 ns) = 0.854 ns; Loc. = PIN_N20; Fanout = 1; CLK Node = 'clock'
                Info: 2: + IC(0.343 ns) + CELL(0.000 ns) = 1.197 ns; Loc. = CLKCTRL_G3; Fanout = 6; COMB Node = 'clock~clkctrl'
                Info: 3: + IC(0.649 ns) + CELL(0.618 ns) = 2.464 ns; Loc. = LCFF_X1_Y6_N23; Fanout = 5; REG Node = 'nextState[2]~reg0'
                Info: Total cell delay = 1.472 ns ( 59.74 % )
                Info: Total interconnect delay = 0.992 ns ( 40.26 % )
            Info: - Longest clock path from clock "clock" to source register is 2.464 ns
                Info: 1: + IC(0.000 ns) + CELL(0.854 ns) = 0.854 ns; Loc. = PIN_N20; Fanout = 1; CLK Node = 'clock'
                Info: 2: + IC(0.343 ns) + CELL(0.000 ns) = 1.197 ns; Loc. = CLKCTRL_G3; Fanout = 6; COMB Node = 'clock~clkctrl'
                Info: 3: + IC(0.649 ns) + CELL(0.618 ns) = 2.464 ns; Loc. = LCFF_X1_Y6_N27; Fanout = 5; REG Node = 'nextState[1]~reg0'
                Info: Total cell delay = 1.472 ns ( 59.74 % )
                Info: Total interconnect delay = 0.992 ns ( 40.26 % )
        Info: + Micro clock to output delay of source is 0.094 ns
        Info: + Micro setup delay of destination is 0.090 ns
Info: tsu for register "presentState[0]~reg0" (data pin = "reset", clock pin = "clock") is 3.478 ns
    Info: + Longest pin to register delay is 5.852 ns
        Info: 1: + IC(0.000 ns) + CELL(0.827 ns) = 0.827 ns; Loc. = PIN_F17; Fanout = 6; PIN Node = 'reset'
        Info: 2: + IC(4.524 ns) + CELL(0.346 ns) = 5.697 ns; Loc. = LCCOMB_X1_Y6_N18; Fanout = 1; COMB Node = 'presentState~51'
        Info: 3: + IC(0.000 ns) + CELL(0.155 ns) = 5.852 ns; Loc. = LCFF_X1_Y6_N19; Fanout = 1; REG Node = 'presentState[0]~reg0'
        Info: Total cell delay = 1.328 ns ( 22.69 % )
        Info: Total interconnect delay = 4.524 ns ( 77.31 % )
    Info: + Micro setup delay of destination is 0.090 ns
    Info: - Shortest clock path from clock "clock" to destination register is 2.464 ns
        Info: 1: + IC(0.000 ns) + CELL(0.854 ns) = 0.854 ns; Loc. = PIN_N20; Fanout = 1; CLK Node = 'clock'
        Info: 2: + IC(0.343 ns) + CELL(0.000 ns) = 1.197 ns; Loc. = CLKCTRL_G3; Fanout = 6; COMB Node = 'clock~clkctrl'
        Info: 3: + IC(0.649 ns) + CELL(0.618 ns) = 2.464 ns; Loc. = LCFF_X1_Y6_N19; Fanout = 1; REG Node = 'presentState[0]~reg0'
        Info: Total cell delay = 1.472 ns ( 59.74 % )
        Info: Total interconnect delay = 0.992 ns ( 40.26 % )
Info: tco from clock "clock" to destination pin "presentState[0]" through register "presentState[0]~reg0" is 7.029 ns
    Info: + Longest clock path from clock "clock" to source register is 2.464 ns
        Info: 1: + IC(0.000 ns) + CELL(0.854 ns) = 0.854 ns; Loc. = PIN_N20; Fanout = 1; CLK Node = 'clock'
        Info: 2: + IC(0.343 ns) + CELL(0.000 ns) = 1.197 ns; Loc. = CLKCTRL_G3; Fanout = 6; COMB Node = 'clock~clkctrl'
        Info: 3: + IC(0.649 ns) + CELL(0.618 ns) = 2.464 ns; Loc. = LCFF_X1_Y6_N19; Fanout = 1; REG Node = 'presentState[0]~reg0'
        Info: Total cell delay = 1.472 ns ( 59.74 % )
        Info: Total interconnect delay = 0.992 ns ( 40.26 % )
    Info: + Micro clock to output delay of source is 0.094 ns
    Info: + Longest register to pin delay is 4.471 ns
        Info: 1: + IC(0.000 ns) + CELL(0.000 ns) = 0.000 ns; Loc. = LCFF_X1_Y6_N19; Fanout = 1; REG Node = 'presentState[0]~reg0'
        Info: 2: + IC(2.337 ns) + CELL(2.134 ns) = 4.471 ns; Loc. = PIN_R3; Fanout = 0; PIN Node = 'presentState[0]'
        Info: Total cell delay = 2.134 ns ( 47.73 % )
        Info: Total interconnect delay = 2.337 ns ( 52.27 % )
Info: th for register "nextState[1]~reg0" (data pin = "w", clock pin = "clock") is -2.240 ns
    Info: + Longest clock path from clock "clock" to destination register is 2.464 ns
        Info: 1: + IC(0.000 ns) + CELL(0.854 ns) = 0.854 ns; Loc. = PIN_N20; Fanout = 1; CLK Node = 'clock'
        Info: 2: + IC(0.343 ns) + CELL(0.000 ns) = 1.197 ns; Loc. = CLKCTRL_G3; Fanout = 6; COMB Node = 'clock~clkctrl'
        Info: 3: + IC(0.649 ns) + CELL(0.618 ns) = 2.464 ns; Loc. = LCFF_X1_Y6_N27; Fanout = 5; REG Node = 'nextState[1]~reg0'
        Info: Total cell delay = 1.472 ns ( 59.74 % )
        Info: Total interconnect delay = 0.992 ns ( 40.26 % )
    Info: + Micro hold delay of destination is 0.149 ns
    Info: - Shortest pin to register delay is 4.853 ns
        Info: 1: + IC(0.000 ns) + CELL(0.810 ns) = 0.810 ns; Loc. = PIN_R18; Fanout = 3; PIN Node = 'w'
        Info: 2: + IC(3.522 ns) + CELL(0.366 ns) = 4.698 ns; Loc. = LCCOMB_X1_Y6_N26; Fanout = 1; COMB Node = 'nextState~349'
        Info: 3: + IC(0.000 ns) + CELL(0.155 ns) = 4.853 ns; Loc. = LCFF_X1_Y6_N27; Fanout = 5; REG Node = 'nextState[1]~reg0'
        Info: Total cell delay = 1.331 ns ( 27.43 % )
        Info: Total interconnect delay = 3.522 ns ( 72.57 % )
Info: Quartus II Classic Timing Analyzer was successful. 0 errors, 1 warning
    Info: Peak virtual memory: 183 megabytes
    Info: Processing ended: Tue Apr 05 04:31:32 2022
    Info: Elapsed time: 00:00:01
    Info: Total CPU time (on all processors): 00:00:00


