Analysis & Synthesis report for exp1
Tue Apr 05 04:31:17 2022
Quartus II Version 8.1 Build 163 10/28/2008 SJ Web Edition


---------------------
; Table of Contents ;
---------------------
  1. Legal Notice
  2. Analysis & Synthesis Summary
  3. Analysis & Synthesis Settings
  4. Analysis & Synthesis Source Files Read
  5. Analysis & Synthesis Resource Usage Summary
  6. Analysis & Synthesis Resource Utilization by Entity
  7. Registers Removed During Synthesis
  8. Removed Registers Triggering Further Register Optimizations
  9. General Register Statistics
 10. Parameter Settings for User Entity Instance: Top-level Entity: |exp1
 11. Analysis & Synthesis Messages



----------------
; Legal Notice ;
----------------
Copyright (C) 1991-2008 Altera Corporation
Your use of Altera Corporation's design tools, logic functions 
and other software and tools, and its AMPP partner logic 
functions, and any output files from any of the foregoing 
(including device programming or simulation files), and any 
associated documentation or information are expressly subject 
to the terms and conditions of the Altera Program License 
Subscription Agreement, Altera MegaCore Function License 
Agreement, or other applicable license agreement, including, 
without limitation, that your use is for the sole purpose of 
programming logic devices manufactured by Altera and sold by 
Altera or its authorized distributors.  Please refer to the 
applicable agreement for further details.



+-------------------------------------------------------------------------+
; Analysis & Synthesis Summary                                            ;
+-------------------------------+-----------------------------------------+
; Analysis & Synthesis Status   ; Successful - Tue Apr 05 04:31:17 2022   ;
; Quartus II Version            ; 8.1 Build 163 10/28/2008 SJ Web Edition ;
; Revision Name                 ; exp1                                    ;
; Top-level Entity Name         ; exp1                                    ;
; Family                        ; Stratix II                              ;
; Logic utilization             ; N/A                                     ;
;     Combinational ALUTs       ; 6                                       ;
;     Dedicated logic registers ; 6                                       ;
; Total registers               ; 6                                       ;
; Total pins                    ; 20                                      ;
; Total virtual pins            ; 0                                       ;
; Total block memory bits       ; 0                                       ;
; DSP block 9-bit elements      ; 0                                       ;
; Total PLLs                    ; 0                                       ;
; Total DLLs                    ; 0                                       ;
+-------------------------------+-----------------------------------------+


+----------------------------------------------------------------------------------------------------------+
; Analysis & Synthesis Settings                                                                            ;
+----------------------------------------------------------------+--------------------+--------------------+
; Option                                                         ; Setting            ; Default Value      ;
+----------------------------------------------------------------+--------------------+--------------------+
; Top-level entity name                                          ; exp1               ; exp1               ;
; Family name                                                    ; Stratix II         ; Stratix II         ;
; Use Generated Physical Constraints File                        ; Off                ;                    ;
; Use smart compilation                                          ; Off                ; Off                ;
; Restructure Multiplexers                                       ; Auto               ; Auto               ;
; Create Debugging Nodes for IP Cores                            ; Off                ; Off                ;
; Preserve fewer node names                                      ; On                 ; On                 ;
; Disable OpenCore Plus hardware evaluation                      ; Off                ; Off                ;
; Verilog Version                                                ; Verilog_2001       ; Verilog_2001       ;
; VHDL Version                                                   ; VHDL93             ; VHDL93             ;
; State Machine Processing                                       ; Auto               ; Auto               ;
; Safe State Machine                                             ; Off                ; Off                ;
; Extract Verilog State Machines                                 ; On                 ; On                 ;
; Extract VHDL State Machines                                    ; On                 ; On                 ;
; Ignore Verilog initial constructs                              ; Off                ; Off                ;
; Iteration limit for constant Verilog loops                     ; 5000               ; 5000               ;
; Iteration limit for non-constant Verilog loops                 ; 250                ; 250                ;
; Add Pass-Through Logic to Inferred RAMs                        ; On                 ; On                 ;
; Parallel Synthesis                                             ; Off                ; Off                ;
; DSP Block Balancing                                            ; Auto               ; Auto               ;
; NOT Gate Push-Back                                             ; On                 ; On                 ;
; Power-Up Don't Care                                            ; On                 ; On                 ;
; Remove Redundant Logic Cells                                   ; Off                ; Off                ;
; Remove Duplicate Registers                                     ; On                 ; On                 ;
; Ignore CARRY Buffers                                           ; Off                ; Off                ;
; Ignore CASCADE Buffers                                         ; Off                ; Off                ;
; Ignore GLOBAL Buffers                                          ; Off                ; Off                ;
; Ignore ROW GLOBAL Buffers                                      ; Off                ; Off                ;
; Ignore LCELL Buffers                                           ; Off                ; Off                ;
; Ignore SOFT Buffers                                            ; On                 ; On                 ;
; Limit AHDL Integers to 32 Bits                                 ; Off                ; Off                ;
; Optimization Technique                                         ; Balanced           ; Balanced           ;
; Carry Chain Length                                             ; 70                 ; 70                 ;
; Auto Carry Chains                                              ; On                 ; On                 ;
; Auto Open-Drain Pins                                           ; On                 ; On                 ;
; Perform WYSIWYG Primitive Resynthesis                          ; Off                ; Off                ;
; Perform gate-level register retiming                           ; Off                ; Off                ;
; Allow register retiming to trade off Tsu/Tco with Fmax         ; On                 ; On                 ;
; Auto ROM Replacement                                           ; On                 ; On                 ;
; Auto RAM Replacement                                           ; On                 ; On                 ;
; Auto DSP Block Replacement                                     ; On                 ; On                 ;
; Auto Shift Register Replacement                                ; Auto               ; Auto               ;
; Auto Clock Enable Replacement                                  ; On                 ; On                 ;
; Strict RAM Replacement                                         ; Off                ; Off                ;
; Allow Synchronous Control Signals                              ; On                 ; On                 ;
; Force Use of Synchronous Clear Signals                         ; Off                ; Off                ;
; Auto RAM Block Balancing                                       ; On                 ; On                 ;
; Auto RAM to Logic Cell Conversion                              ; Off                ; Off                ;
; Auto Resource Sharing                                          ; Off                ; Off                ;
; Allow Any RAM Size For Recognition                             ; Off                ; Off                ;
; Allow Any ROM Size For Recognition                             ; Off                ; Off                ;
; Allow Any Shift Register Size For Recognition                  ; Off                ; Off                ;
; Use LogicLock Constraints during Resource Balancing            ; On                 ; On                 ;
; Ignore translate_off and synthesis_off directives              ; Off                ; Off                ;
; Timing-Driven Synthesis                                        ; Off                ; Off                ;
; Show Parameter Settings Tables in Synthesis Report             ; On                 ; On                 ;
; Ignore Maximum Fan-Out Assignments                             ; Off                ; Off                ;
; Synchronization Register Chain Length                          ; 2                  ; 2                  ;
; PowerPlay Power Optimization                                   ; Normal compilation ; Normal compilation ;
; HDL message level                                              ; Level2             ; Level2             ;
; Suppress Register Optimization Related Messages                ; Off                ; Off                ;
; Number of Removed Registers Reported in Synthesis Report       ; 100                ; 100                ;
; Number of Inverted Registers Reported in Synthesis Report      ; 100                ; 100                ;
; Clock MUX Protection                                           ; On                 ; On                 ;
; Auto Gated Clock Conversion                                    ; Off                ; Off                ;
; Block Design Naming                                            ; Auto               ; Auto               ;
; SDC constraint protection                                      ; Off                ; Off                ;
; Synthesis Effort                                               ; Auto               ; Auto               ;
; Allows Asynchronous Clear Usage For Shift Register Replacement ; On                 ; On                 ;
; Analysis & Synthesis Message Level                             ; Medium             ; Medium             ;
+----------------------------------------------------------------+--------------------+--------------------+


+--------------------------------------------------------------------------------------------------------------------------------------------------------------------------------------------------+
; Analysis & Synthesis Source Files Read                                                                                                                                                           ;
+----------------------------------+-----------------+------------------------+--------------------------------------------------------------------------------------------------------------------+
; File Name with User-Entered Path ; Used in Netlist ; File Type              ; File Name with Absolute Path                                                                                       ;
+----------------------------------+-----------------+------------------------+--------------------------------------------------------------------------------------------------------------------+
; exp1.v                           ; yes             ; User Verilog HDL File  ; D:/Downloads/Spring  2022/Spring 2022 submissions/CSE460/CSE460 Lab/Lab exp 1-3 exercise/lab3 exercise/exp1/exp1.v ;
+----------------------------------+-----------------+------------------------+--------------------------------------------------------------------------------------------------------------------+


+-------------------------------------------------------+
; Analysis & Synthesis Resource Usage Summary           ;
+-----------------------------------------------+-------+
; Resource                                      ; Usage ;
+-----------------------------------------------+-------+
; Estimated ALUTs Used                          ; 6     ;
; Dedicated logic registers                     ; 6     ;
;                                               ;       ;
; Estimated ALUTs Unavailable                   ; 0     ;
;                                               ;       ;
; Total combinational functions                 ; 6     ;
; Combinational ALUT usage by number of inputs  ;       ;
;     -- 7 input functions                      ; 0     ;
;     -- 6 input functions                      ; 0     ;
;     -- 5 input functions                      ; 3     ;
;     -- 4 input functions                      ; 0     ;
;     -- <=3 input functions                    ; 3     ;
;                                               ;       ;
; Combinational ALUTs by mode                   ;       ;
;     -- normal mode                            ; 6     ;
;     -- extended LUT mode                      ; 0     ;
;     -- arithmetic mode                        ; 0     ;
;     -- shared arithmetic mode                 ; 0     ;
;                                               ;       ;
; Estimated ALUT/register pairs used            ; 6     ;
;                                               ;       ;
; Total registers                               ; 6     ;
;     -- Dedicated logic registers              ; 6     ;
;     -- I/O registers                          ; 0     ;
;                                               ;       ;
; Estimated ALMs:  partially or completely used ; 3     ;
;                                               ;       ;
; I/O pins                                      ; 20    ;
; Maximum fan-out node                          ; reset ;
; Maximum fan-out                               ; 6     ;
; Total fan-out                                 ; 39    ;
; Average fan-out                               ; 1.22  ;
+-----------------------------------------------+-------+


+-----------------------------------------------------------------------------------------------------------------------------------------------------------------------------------------------+
; Analysis & Synthesis Resource Utilization by Entity                                                                                                                                           ;
+----------------------------+-------------------+--------------+-------------------+--------------+---------+-----------+-----------+------+--------------+---------------------+--------------+
; Compilation Hierarchy Node ; LC Combinationals ; LC Registers ; Block Memory Bits ; DSP Elements ; DSP 9x9 ; DSP 18x18 ; DSP 36x36 ; Pins ; Virtual Pins ; Full Hierarchy Name ; Library Name ;
+----------------------------+-------------------+--------------+-------------------+--------------+---------+-----------+-----------+------+--------------+---------------------+--------------+
; |exp1                      ; 6 (6)             ; 6 (6)        ; 0                 ; 0            ; 0       ; 0         ; 0         ; 20   ; 0            ; |exp1               ; work         ;
+----------------------------+-------------------+--------------+-------------------+--------------+---------+-----------+-----------+------+--------------+---------------------+--------------+
Note: For table entries with two numbers listed, the numbers in parentheses indicate the number of resources of the given type used by the specific entity alone. The numbers listed outside of parentheses indicate the total resources of the given type used by the specific entity and all of its sub-entities in the hierarchy.


+---------------------------------------------------------------------------------+
; Registers Removed During Synthesis                                              ;
+----------------------------------------+----------------------------------------+
; Register name                          ; Reason for Removal                     ;
+----------------------------------------+----------------------------------------+
; nextState[6]~reg0                      ; Merged with nextState[3]~reg0          ;
; nextState[7]~reg0                      ; Merged with nextState[3]~reg0          ;
; nextState[4]~reg0                      ; Merged with nextState[3]~reg0          ;
; nextState[5]~reg0                      ; Merged with nextState[3]~reg0          ;
; nextState[3]~reg0                      ; Stuck at GND due to stuck port data_in ;
; presentState[3]~reg0                   ; Stuck at GND due to stuck port data_in ;
; presentState[4]~reg0                   ; Stuck at GND due to stuck port data_in ;
; presentState[5]~reg0                   ; Stuck at GND due to stuck port data_in ;
; presentState[6]~reg0                   ; Stuck at GND due to stuck port data_in ;
; presentState[7]~reg0                   ; Stuck at GND due to stuck port data_in ;
; Total Number of Removed Registers = 10 ;                                        ;
+----------------------------------------+----------------------------------------+


+-----------------------------------------------------------------------------------------------------------------------------------------+
; Removed Registers Triggering Further Register Optimizations                                                                             ;
+-------------------+---------------------------+-----------------------------------------------------------------------------------------+
; Register name     ; Reason for Removal        ; Registers Removed due to This Register                                                  ;
+-------------------+---------------------------+-----------------------------------------------------------------------------------------+
; nextState[3]~reg0 ; Stuck at GND              ; presentState[3]~reg0, presentState[4]~reg0, presentState[5]~reg0, presentState[6]~reg0, ;
;                   ; due to stuck port data_in ; presentState[7]~reg0                                                                    ;
+-------------------+---------------------------+-----------------------------------------------------------------------------------------+


+------------------------------------------------------+
; General Register Statistics                          ;
+----------------------------------------------+-------+
; Statistic                                    ; Value ;
+----------------------------------------------+-------+
; Total registers                              ; 6     ;
; Number of registers using Synchronous Clear  ; 0     ;
; Number of registers using Synchronous Load   ; 0     ;
; Number of registers using Asynchronous Clear ; 0     ;
; Number of registers using Asynchronous Load  ; 0     ;
; Number of registers using Clock Enable       ; 0     ;
; Number of registers using Preset             ; 0     ;
+----------------------------------------------+-------+


+----------------------------------------------------------------------+
; Parameter Settings for User Entity Instance: Top-level Entity: |exp1 ;
+----------------+-------+---------------------------------------------+
; Parameter Name ; Value ; Type                                        ;
+----------------+-------+---------------------------------------------+
; s0             ; 0     ; Signed Integer                              ;
; s1             ; 1     ; Signed Integer                              ;
; s2             ; 2     ; Signed Integer                              ;
; s3             ; 3     ; Signed Integer                              ;
; s4             ; 4     ; Signed Integer                              ;
; s5             ; 5     ; Signed Integer                              ;
; s6             ; 6     ; Signed Integer                              ;
; s7             ; 7     ; Signed Integer                              ;
+----------------+-------+---------------------------------------------+
Note: In order to hide this table in the UI and the text report file, please set the "Show Parameter Settings Tables in Synthesis Report" option in "Analysis and Synthesis Settings -> More Settings" to "Off".


+-------------------------------+
; Analysis & Synthesis Messages ;
+-------------------------------+
Info: *******************************************************************
Info: Running Quartus II Analysis & Synthesis
    Info: Version 8.1 Build 163 10/28/2008 SJ Web Edition
    Info: Processing started: Tue Apr 05 04:31:16 2022
Info: Command: quartus_map --read_settings_files=on --write_settings_files=off exp1 -c exp1
Info: Found 1 design units, including 1 entities, in source file exp1.v
    Info: Found entity 1: exp1
Info: Elaborating entity "exp1" for the top level hierarchy
Warning (10230): Verilog HDL assignment warning at exp1.v(21): truncated value with size 32 to match size of target (8)
Warning (10230): Verilog HDL assignment warning at exp1.v(22): truncated value with size 32 to match size of target (8)
Warning (10230): Verilog HDL assignment warning at exp1.v(34): truncated value with size 32 to match size of target (8)
Warning (10230): Verilog HDL assignment warning at exp1.v(38): truncated value with size 32 to match size of target (8)
Warning (10230): Verilog HDL assignment warning at exp1.v(44): truncated value with size 32 to match size of target (8)
Warning (10230): Verilog HDL assignment warning at exp1.v(48): truncated value with size 32 to match size of target (8)
Warning (10230): Verilog HDL assignment warning at exp1.v(54): truncated value with size 32 to match size of target (8)
Warning (10230): Verilog HDL assignment warning at exp1.v(58): truncated value with size 32 to match size of target (8)
Warning (10230): Verilog HDL assignment warning at exp1.v(64): truncated value with size 32 to match size of target (8)
Warning (10230): Verilog HDL assignment warning at exp1.v(68): truncated value with size 32 to match size of target (8)
Warning (10230): Verilog HDL assignment warning at exp1.v(74): truncated value with size 32 to match size of target (8)
Warning (10230): Verilog HDL assignment warning at exp1.v(78): truncated value with size 32 to match size of target (8)
Warning (10230): Verilog HDL assignment warning at exp1.v(84): truncated value with size 32 to match size of target (8)
Warning (10230): Verilog HDL assignment warning at exp1.v(88): truncated value with size 32 to match size of target (8)
Warning (10230): Verilog HDL assignment warning at exp1.v(94): truncated value with size 32 to match size of target (8)
Warning (10230): Verilog HDL assignment warning at exp1.v(98): truncated value with size 32 to match size of target (8)
Warning (10230): Verilog HDL assignment warning at exp1.v(104): truncated value with size 32 to match size of target (8)
Warning (10230): Verilog HDL assignment warning at exp1.v(108): truncated value with size 32 to match size of target (8)
Warning (10034): Output port "z" at exp1.v(6) has no driver
Warning: Output pins are stuck at VCC or GND
    Warning (13410): Pin "z" is stuck at GND
    Warning (13410): Pin "presentState[3]" is stuck at GND
    Warning (13410): Pin "presentState[4]" is stuck at GND
    Warning (13410): Pin "presentState[5]" is stuck at GND
    Warning (13410): Pin "presentState[6]" is stuck at GND
    Warning (13410): Pin "presentState[7]" is stuck at GND
    Warning (13410): Pin "nextState[3]" is stuck at GND
    Warning (13410): Pin "nextState[4]" is stuck at GND
    Warning (13410): Pin "nextState[5]" is stuck at GND
    Warning (13410): Pin "nextState[6]" is stuck at GND
    Warning (13410): Pin "nextState[7]" is stuck at GND
Info: Implemented 26 device resources after synthesis - the final resource count might be different
    Info: Implemented 3 input pins
    Info: Implemented 17 output pins
    Info: Implemented 6 logic cells
Info: Quartus II Analysis & Synthesis was successful. 0 errors, 31 warnings
    Info: Peak virtual memory: 223 megabytes
    Info: Processing ended: Tue Apr 05 04:31:17 2022
    Info: Elapsed time: 00:00:01
    Info: Total CPU time (on all processors): 00:00:01


