Classic Timing Analyzer report for prob1_1
Mon Mar 28 21:00:57 2022
Quartus II Version 8.1 Build 163 10/28/2008 SJ Web Edition


---------------------
; Table of Contents ;
---------------------
  1. Legal Notice
  2. Timing Analyzer Summary
  3. Timing Analyzer Settings
  4. Clock Settings Summary
  5. Clock Setup: 'clock'
  6. tsu
  7. tco
  8. th
  9. Timing Analyzer Messages



----------------
; Legal Notice ;
----------------
Copyright (C) 1991-2008 Altera Corporation
Your use of Altera Corporation's design tools, logic functions 
and other software and tools, and its AMPP partner logic 
functions, and any output files from any of the foregoing 
(including device programming or simulation files), and any 
associated documentation or information are expressly subject 
to the terms and conditions of the Altera Program License 
Subscription Agreement, Altera MegaCore Function License 
Agreement, or other applicable license agreement, including, 
without limitation, that your use is for the sole purpose of 
programming logic devices manufactured by Altera and sold by 
Altera or its authorized distributors.  Please refer to the 
applicable agreement for further details.



+-----------------------------------------------------------------------------------------------------------------------------------------------------------------------------------------+
; Timing Analyzer Summary                                                                                                                                                                 ;
+------------------------------+-------+---------------+------------------------------------------------+-----------------------+------------------+------------+----------+--------------+
; Type                         ; Slack ; Required Time ; Actual Time                                    ; From                  ; To               ; From Clock ; To Clock ; Failed Paths ;
+------------------------------+-------+---------------+------------------------------------------------+-----------------------+------------------+------------+----------+--------------+
; Worst-case tsu               ; N/A   ; None          ; 3.821 ns                                       ; w                     ; z~reg0           ; --         ; clock    ; 0            ;
; Worst-case tco               ; N/A   ; None          ; 6.945 ns                                       ; present_state[1]~reg0 ; present_state[1] ; clock      ; --       ; 0            ;
; Worst-case th                ; N/A   ; None          ; 0.306 ns                                       ; reset                 ; z~reg0           ; --         ; clock    ; 0            ;
; Clock Setup: 'clock'         ; N/A   ; None          ; Restricted to 500.00 MHz ( period = 2.000 ns ) ; next_state[1]~reg0    ; z~reg0           ; clock      ; clock    ; 0            ;
; Total number of failed paths ;       ;               ;                                                ;                       ;                  ;            ;          ; 0            ;
+------------------------------+-------+---------------+------------------------------------------------+-----------------------+------------------+------------+----------+--------------+


+--------------------------------------------------------------------------------------------------------------------+
; Timing Analyzer Settings                                                                                           ;
+---------------------------------------------------------------------+--------------------+------+----+-------------+
; Option                                                              ; Setting            ; From ; To ; Entity Name ;
+---------------------------------------------------------------------+--------------------+------+----+-------------+
; Device Name                                                         ; EP2S15F484C3       ;      ;    ;             ;
; Timing Models                                                       ; Final              ;      ;    ;             ;
; Default hold multicycle                                             ; Same as Multicycle ;      ;    ;             ;
; Cut paths between unrelated clock domains                           ; On                 ;      ;    ;             ;
; Cut off read during write signal paths                              ; On                 ;      ;    ;             ;
; Cut off feedback from I/O pins                                      ; On                 ;      ;    ;             ;
; Report Combined Fast/Slow Timing                                    ; Off                ;      ;    ;             ;
; Ignore Clock Settings                                               ; Off                ;      ;    ;             ;
; Analyze latches as synchronous elements                             ; On                 ;      ;    ;             ;
; Enable Recovery/Removal analysis                                    ; Off                ;      ;    ;             ;
; Enable Clock Latency                                                ; Off                ;      ;    ;             ;
; Use TimeQuest Timing Analyzer                                       ; Off                ;      ;    ;             ;
; Number of source nodes to report per destination node               ; 10                 ;      ;    ;             ;
; Number of destination nodes to report                               ; 10                 ;      ;    ;             ;
; Number of paths to report                                           ; 200                ;      ;    ;             ;
; Report Minimum Timing Checks                                        ; Off                ;      ;    ;             ;
; Use Fast Timing Models                                              ; Off                ;      ;    ;             ;
; Report IO Paths Separately                                          ; Off                ;      ;    ;             ;
; Perform Multicorner Analysis                                        ; On                 ;      ;    ;             ;
; Reports the worst-case path for each clock domain and analysis      ; Off                ;      ;    ;             ;
; Removes common clock path pessimism (CCPP) during slack computation ; Off                ;      ;    ;             ;
; Output I/O Timing Endpoint                                          ; Near End           ;      ;    ;             ;
+---------------------------------------------------------------------+--------------------+------+----+-------------+


+------------------------------------------------------------------------------------------------------------------------------------------------------------------------------------+
; Clock Settings Summary                                                                                                                                                             ;
+-----------------+--------------------+----------+------------------+---------------+--------------+----------+-----------------------+---------------------+--------+--------------+
; Clock Node Name ; Clock Setting Name ; Type     ; Fmax Requirement ; Early Latency ; Late Latency ; Based on ; Multiply Base Fmax by ; Divide Base Fmax by ; Offset ; Phase offset ;
+-----------------+--------------------+----------+------------------+---------------+--------------+----------+-----------------------+---------------------+--------+--------------+
; clock           ;                    ; User Pin ; None             ; 0.000 ns      ; 0.000 ns     ; --       ; N/A                   ; N/A                 ; N/A    ;              ;
+-----------------+--------------------+----------+------------------+---------------+--------------+----------+-----------------------+---------------------+--------+--------------+


+-----------------------------------------------------------------------------------------------------------------------------------------------------------------------------------------------------------------+
; Clock Setup: 'clock'                                                                                                                                                                                            ;
+-------+------------------------------------------------+--------------------+-----------------------+------------+----------+-----------------------------+---------------------------+-------------------------+
; Slack ; Actual fmax (period)                           ; From               ; To                    ; From Clock ; To Clock ; Required Setup Relationship ; Required Longest P2P Time ; Actual Longest P2P Time ;
+-------+------------------------------------------------+--------------------+-----------------------+------------+----------+-----------------------------+---------------------------+-------------------------+
; N/A   ; Restricted to 500.00 MHz ( period = 2.000 ns ) ; next_state[1]~reg0 ; z~reg0                ; clock      ; clock    ; None                        ; None                      ; 0.672 ns                ;
; N/A   ; Restricted to 500.00 MHz ( period = 2.000 ns ) ; next_state[1]~reg0 ; present_state[1]~reg0 ; clock      ; clock    ; None                        ; None                      ; 0.526 ns                ;
; N/A   ; Restricted to 500.00 MHz ( period = 2.000 ns ) ; next_state[1]~reg0 ; next_state[1]~reg0    ; clock      ; clock    ; None                        ; None                      ; 0.488 ns                ;
; N/A   ; Restricted to 500.00 MHz ( period = 2.000 ns ) ; next_state[0]~reg0 ; z~reg0                ; clock      ; clock    ; None                        ; None                      ; 0.439 ns                ;
; N/A   ; Restricted to 500.00 MHz ( period = 2.000 ns ) ; next_state[0]~reg0 ; present_state[0]~reg0 ; clock      ; clock    ; None                        ; None                      ; 0.439 ns                ;
; N/A   ; Restricted to 500.00 MHz ( period = 2.000 ns ) ; next_state[0]~reg0 ; next_state[1]~reg0    ; clock      ; clock    ; None                        ; None                      ; 0.438 ns                ;
; N/A   ; Restricted to 500.00 MHz ( period = 2.000 ns ) ; z~reg0             ; z~reg0                ; clock      ; clock    ; None                        ; None                      ; 0.396 ns                ;
+-------+------------------------------------------------+--------------------+-----------------------+------------+----------+-----------------------------+---------------------------+-------------------------+


+------------------------------------------------------------------------------+
; tsu                                                                          ;
+-------+--------------+------------+-------+-----------------------+----------+
; Slack ; Required tsu ; Actual tsu ; From  ; To                    ; To Clock ;
+-------+--------------+------------+-------+-----------------------+----------+
; N/A   ; None         ; 3.821 ns   ; w     ; z~reg0                ; clock    ;
; N/A   ; None         ; 3.686 ns   ; w     ; next_state[0]~reg0    ; clock    ;
; N/A   ; None         ; 3.681 ns   ; w     ; next_state[1]~reg0    ; clock    ;
; N/A   ; None         ; 0.034 ns   ; reset ; next_state[0]~reg0    ; clock    ;
; N/A   ; None         ; 0.034 ns   ; reset ; present_state[1]~reg0 ; clock    ;
; N/A   ; None         ; 0.028 ns   ; reset ; next_state[1]~reg0    ; clock    ;
; N/A   ; None         ; 0.028 ns   ; reset ; present_state[0]~reg0 ; clock    ;
; N/A   ; None         ; -0.067 ns  ; reset ; z~reg0                ; clock    ;
+-------+--------------+------------+-------+-----------------------+----------+


+-------------------------------------------------------------------------------------------+
; tco                                                                                       ;
+-------+--------------+------------+-----------------------+------------------+------------+
; Slack ; Required tco ; Actual tco ; From                  ; To               ; From Clock ;
+-------+--------------+------------+-----------------------+------------------+------------+
; N/A   ; None         ; 6.945 ns   ; present_state[1]~reg0 ; present_state[1] ; clock      ;
; N/A   ; None         ; 6.725 ns   ; next_state[1]~reg0    ; next_state[1]    ; clock      ;
; N/A   ; None         ; 6.689 ns   ; z~reg0                ; z                ; clock      ;
; N/A   ; None         ; 5.166 ns   ; next_state[0]~reg0    ; next_state[0]    ; clock      ;
; N/A   ; None         ; 5.124 ns   ; present_state[0]~reg0 ; present_state[0] ; clock      ;
+-------+--------------+------------+-----------------------+------------------+------------+


+------------------------------------------------------------------------------------+
; th                                                                                 ;
+---------------+-------------+-----------+-------+-----------------------+----------+
; Minimum Slack ; Required th ; Actual th ; From  ; To                    ; To Clock ;
+---------------+-------------+-----------+-------+-----------------------+----------+
; N/A           ; None        ; 0.306 ns  ; reset ; z~reg0                ; clock    ;
; N/A           ; None        ; 0.211 ns  ; reset ; next_state[1]~reg0    ; clock    ;
; N/A           ; None        ; 0.211 ns  ; reset ; present_state[0]~reg0 ; clock    ;
; N/A           ; None        ; 0.205 ns  ; reset ; next_state[0]~reg0    ; clock    ;
; N/A           ; None        ; 0.205 ns  ; reset ; present_state[1]~reg0 ; clock    ;
; N/A           ; None        ; -3.442 ns ; w     ; next_state[1]~reg0    ; clock    ;
; N/A           ; None        ; -3.447 ns ; w     ; next_state[0]~reg0    ; clock    ;
; N/A           ; None        ; -3.582 ns ; w     ; z~reg0                ; clock    ;
+---------------+-------------+-----------+-------+-----------------------+----------+


+--------------------------+
; Timing Analyzer Messages ;
+--------------------------+
Info: *******************************************************************
Info: Running Quartus II Classic Timing Analyzer
    Info: Version 8.1 Build 163 10/28/2008 SJ Web Edition
    Info: Processing started: Mon Mar 28 21:00:57 2022
Info: Command: quartus_tan --read_settings_files=off --write_settings_files=off prob1_1 -c prob1_1 --timing_analysis_only
Warning: Found pins functioning as undefined clocks and/or memory enables
    Info: Assuming node "clock" is an undefined clock
Info: Clock "clock" Internal fmax is restricted to 500.0 MHz between source register "next_state[1]~reg0" and destination register "z~reg0"
    Info: fmax restricted to clock pin edge rate 2.0 ns. Expand message to see actual delay path.
        Info: + Longest register to register delay is 0.672 ns
            Info: 1: + IC(0.000 ns) + CELL(0.000 ns) = 0.000 ns; Loc. = LCFF_X19_Y24_N23; Fanout = 4; REG Node = 'next_state[1]~reg0'
            Info: 2: + IC(0.245 ns) + CELL(0.272 ns) = 0.517 ns; Loc. = LCCOMB_X19_Y24_N18; Fanout = 1; COMB Node = 'z~16'
            Info: 3: + IC(0.000 ns) + CELL(0.155 ns) = 0.672 ns; Loc. = LCFF_X19_Y24_N19; Fanout = 2; REG Node = 'z~reg0'
            Info: Total cell delay = 0.427 ns ( 63.54 % )
            Info: Total interconnect delay = 0.245 ns ( 36.46 % )
        Info: - Smallest clock skew is 0.000 ns
            Info: + Shortest clock path from clock "clock" to destination register is 2.474 ns
                Info: 1: + IC(0.000 ns) + CELL(0.854 ns) = 0.854 ns; Loc. = PIN_N20; Fanout = 1; CLK Node = 'clock'
                Info: 2: + IC(0.343 ns) + CELL(0.000 ns) = 1.197 ns; Loc. = CLKCTRL_G3; Fanout = 5; COMB Node = 'clock~clkctrl'
                Info: 3: + IC(0.659 ns) + CELL(0.618 ns) = 2.474 ns; Loc. = LCFF_X19_Y24_N19; Fanout = 2; REG Node = 'z~reg0'
                Info: Total cell delay = 1.472 ns ( 59.50 % )
                Info: Total interconnect delay = 1.002 ns ( 40.50 % )
            Info: - Longest clock path from clock "clock" to source register is 2.474 ns
                Info: 1: + IC(0.000 ns) + CELL(0.854 ns) = 0.854 ns; Loc. = PIN_N20; Fanout = 1; CLK Node = 'clock'
                Info: 2: + IC(0.343 ns) + CELL(0.000 ns) = 1.197 ns; Loc. = CLKCTRL_G3; Fanout = 5; COMB Node = 'clock~clkctrl'
                Info: 3: + IC(0.659 ns) + CELL(0.618 ns) = 2.474 ns; Loc. = LCFF_X19_Y24_N23; Fanout = 4; REG Node = 'next_state[1]~reg0'
                Info: Total cell delay = 1.472 ns ( 59.50 % )
                Info: Total interconnect delay = 1.002 ns ( 40.50 % )
        Info: + Micro clock to output delay of source is 0.094 ns
        Info: + Micro setup delay of destination is 0.090 ns
Info: tsu for register "z~reg0" (data pin = "w", clock pin = "clock") is 3.821 ns
    Info: + Longest pin to register delay is 6.205 ns
        Info: 1: + IC(0.000 ns) + CELL(0.864 ns) = 0.864 ns; Loc. = PIN_N21; Fanout = 3; PIN Node = 'w'
        Info: 2: + IC(4.829 ns) + CELL(0.357 ns) = 6.050 ns; Loc. = LCCOMB_X19_Y24_N18; Fanout = 1; COMB Node = 'z~16'
        Info: 3: + IC(0.000 ns) + CELL(0.155 ns) = 6.205 ns; Loc. = LCFF_X19_Y24_N19; Fanout = 2; REG Node = 'z~reg0'
        Info: Total cell delay = 1.376 ns ( 22.18 % )
        Info: Total interconnect delay = 4.829 ns ( 77.82 % )
    Info: + Micro setup delay of destination is 0.090 ns
    Info: - Shortest clock path from clock "clock" to destination register is 2.474 ns
        Info: 1: + IC(0.000 ns) + CELL(0.854 ns) = 0.854 ns; Loc. = PIN_N20; Fanout = 1; CLK Node = 'clock'
        Info: 2: + IC(0.343 ns) + CELL(0.000 ns) = 1.197 ns; Loc. = CLKCTRL_G3; Fanout = 5; COMB Node = 'clock~clkctrl'
        Info: 3: + IC(0.659 ns) + CELL(0.618 ns) = 2.474 ns; Loc. = LCFF_X19_Y24_N19; Fanout = 2; REG Node = 'z~reg0'
        Info: Total cell delay = 1.472 ns ( 59.50 % )
        Info: Total interconnect delay = 1.002 ns ( 40.50 % )
Info: tco from clock "clock" to destination pin "present_state[1]" through register "present_state[1]~reg0" is 6.945 ns
    Info: + Longest clock path from clock "clock" to source register is 2.474 ns
        Info: 1: + IC(0.000 ns) + CELL(0.854 ns) = 0.854 ns; Loc. = PIN_N20; Fanout = 1; CLK Node = 'clock'
        Info: 2: + IC(0.343 ns) + CELL(0.000 ns) = 1.197 ns; Loc. = CLKCTRL_G3; Fanout = 5; COMB Node = 'clock~clkctrl'
        Info: 3: + IC(0.659 ns) + CELL(0.618 ns) = 2.474 ns; Loc. = LCFF_X19_Y24_N9; Fanout = 1; REG Node = 'present_state[1]~reg0'
        Info: Total cell delay = 1.472 ns ( 59.50 % )
        Info: Total interconnect delay = 1.002 ns ( 40.50 % )
    Info: + Micro clock to output delay of source is 0.094 ns
    Info: + Longest register to pin delay is 4.377 ns
        Info: 1: + IC(0.000 ns) + CELL(0.000 ns) = 0.000 ns; Loc. = LCFF_X19_Y24_N9; Fanout = 1; REG Node = 'present_state[1]~reg0'
        Info: 2: + IC(2.379 ns) + CELL(1.998 ns) = 4.377 ns; Loc. = PIN_Y11; Fanout = 0; PIN Node = 'present_state[1]'
        Info: Total cell delay = 1.998 ns ( 45.65 % )
        Info: Total interconnect delay = 2.379 ns ( 54.35 % )
Info: th for register "z~reg0" (data pin = "reset", clock pin = "clock") is 0.306 ns
    Info: + Longest clock path from clock "clock" to destination register is 2.474 ns
        Info: 1: + IC(0.000 ns) + CELL(0.854 ns) = 0.854 ns; Loc. = PIN_N20; Fanout = 1; CLK Node = 'clock'
        Info: 2: + IC(0.343 ns) + CELL(0.000 ns) = 1.197 ns; Loc. = CLKCTRL_G3; Fanout = 5; COMB Node = 'clock~clkctrl'
        Info: 3: + IC(0.659 ns) + CELL(0.618 ns) = 2.474 ns; Loc. = LCFF_X19_Y24_N19; Fanout = 2; REG Node = 'z~reg0'
        Info: Total cell delay = 1.472 ns ( 59.50 % )
        Info: Total interconnect delay = 1.002 ns ( 40.50 % )
    Info: + Micro hold delay of destination is 0.149 ns
    Info: - Shortest pin to register delay is 2.317 ns
        Info: 1: + IC(0.000 ns) + CELL(0.809 ns) = 0.809 ns; Loc. = PIN_B11; Fanout = 5; PIN Node = 'reset'
        Info: 2: + IC(1.081 ns) + CELL(0.272 ns) = 2.162 ns; Loc. = LCCOMB_X19_Y24_N18; Fanout = 1; COMB Node = 'z~16'
        Info: 3: + IC(0.000 ns) + CELL(0.155 ns) = 2.317 ns; Loc. = LCFF_X19_Y24_N19; Fanout = 2; REG Node = 'z~reg0'
        Info: Total cell delay = 1.236 ns ( 53.34 % )
        Info: Total interconnect delay = 1.081 ns ( 46.66 % )
Info: Quartus II Classic Timing Analyzer was successful. 0 errors, 1 warning
    Info: Peak virtual memory: 183 megabytes
    Info: Processing ended: Mon Mar 28 21:00:57 2022
    Info: Elapsed time: 00:00:00
    Info: Total CPU time (on all processors): 00:00:00


