Classic Timing Analyzer report for exp1
Tue Mar 01 14:41:53 2022
Quartus II Version 8.1 Build 163 10/28/2008 SJ Web Edition


---------------------
; Table of Contents ;
---------------------
  1. Legal Notice
  2. Timing Analyzer Summary
  3. Timing Analyzer Settings
  4. Clock Settings Summary
  5. Clock Setup: 'clock'
  6. tsu
  7. tco
  8. th
  9. Timing Analyzer Messages



----------------
; Legal Notice ;
----------------
Copyright (C) 1991-2008 Altera Corporation
Your use of Altera Corporation's design tools, logic functions 
and other software and tools, and its AMPP partner logic 
functions, and any output files from any of the foregoing 
(including device programming or simulation files), and any 
associated documentation or information are expressly subject 
to the terms and conditions of the Altera Program License 
Subscription Agreement, Altera MegaCore Function License 
Agreement, or other applicable license agreement, including, 
without limitation, that your use is for the sole purpose of 
programming logic devices manufactured by Altera and sold by 
Altera or its authorized distributors.  Please refer to the 
applicable agreement for further details.



+-----------------------------------------------------------------------------------------------------------------------------------------------------------+
; Timing Analyzer Summary                                                                                                                                   ;
+------------------------------+-------+---------------+------------------------------------------------+------+-----+------------+----------+--------------+
; Type                         ; Slack ; Required Time ; Actual Time                                    ; From ; To  ; From Clock ; To Clock ; Failed Paths ;
+------------------------------+-------+---------------+------------------------------------------------+------+-----+------------+----------+--------------+
; Worst-case tsu               ; N/A   ; None          ; 2.200 ns                                       ; w    ; y.C ; --         ; clock    ; 0            ;
; Worst-case tco               ; N/A   ; None          ; 5.010 ns                                       ; y.C  ; z   ; clock      ; --       ; 0            ;
; Worst-case th                ; N/A   ; None          ; -1.957 ns                                      ; w    ; y.A ; --         ; clock    ; 0            ;
; Clock Setup: 'clock'         ; N/A   ; None          ; Restricted to 500.00 MHz ( period = 2.000 ns ) ; y.A  ; y.C ; clock      ; clock    ; 0            ;
; Total number of failed paths ;       ;               ;                                                ;      ;     ;            ;          ; 0            ;
+------------------------------+-------+---------------+------------------------------------------------+------+-----+------------+----------+--------------+


+--------------------------------------------------------------------------------------------------------------------+
; Timing Analyzer Settings                                                                                           ;
+---------------------------------------------------------------------+--------------------+------+----+-------------+
; Option                                                              ; Setting            ; From ; To ; Entity Name ;
+---------------------------------------------------------------------+--------------------+------+----+-------------+
; Device Name                                                         ; EP2S15F484C3       ;      ;    ;             ;
; Timing Models                                                       ; Final              ;      ;    ;             ;
; Default hold multicycle                                             ; Same as Multicycle ;      ;    ;             ;
; Cut paths between unrelated clock domains                           ; On                 ;      ;    ;             ;
; Cut off read during write signal paths                              ; On                 ;      ;    ;             ;
; Cut off feedback from I/O pins                                      ; On                 ;      ;    ;             ;
; Report Combined Fast/Slow Timing                                    ; Off                ;      ;    ;             ;
; Ignore Clock Settings                                               ; Off                ;      ;    ;             ;
; Analyze latches as synchronous elements                             ; On                 ;      ;    ;             ;
; Enable Recovery/Removal analysis                                    ; Off                ;      ;    ;             ;
; Enable Clock Latency                                                ; Off                ;      ;    ;             ;
; Use TimeQuest Timing Analyzer                                       ; Off                ;      ;    ;             ;
; Number of source nodes to report per destination node               ; 10                 ;      ;    ;             ;
; Number of destination nodes to report                               ; 10                 ;      ;    ;             ;
; Number of paths to report                                           ; 200                ;      ;    ;             ;
; Report Minimum Timing Checks                                        ; Off                ;      ;    ;             ;
; Use Fast Timing Models                                              ; Off                ;      ;    ;             ;
; Report IO Paths Separately                                          ; Off                ;      ;    ;             ;
; Perform Multicorner Analysis                                        ; On                 ;      ;    ;             ;
; Reports the worst-case path for each clock domain and analysis      ; Off                ;      ;    ;             ;
; Removes common clock path pessimism (CCPP) during slack computation ; Off                ;      ;    ;             ;
; Output I/O Timing Endpoint                                          ; Near End           ;      ;    ;             ;
+---------------------------------------------------------------------+--------------------+------+----+-------------+


+------------------------------------------------------------------------------------------------------------------------------------------------------------------------------------+
; Clock Settings Summary                                                                                                                                                             ;
+-----------------+--------------------+----------+------------------+---------------+--------------+----------+-----------------------+---------------------+--------+--------------+
; Clock Node Name ; Clock Setting Name ; Type     ; Fmax Requirement ; Early Latency ; Late Latency ; Based on ; Multiply Base Fmax by ; Divide Base Fmax by ; Offset ; Phase offset ;
+-----------------+--------------------+----------+------------------+---------------+--------------+----------+-----------------------+---------------------+--------+--------------+
; clock           ;                    ; User Pin ; None             ; 0.000 ns      ; 0.000 ns     ; --       ; N/A                   ; N/A                 ; N/A    ;              ;
+-----------------+--------------------+----------+------------------+---------------+--------------+----------+-----------------------+---------------------+--------+--------------+


+---------------------------------------------------------------------------------------------------------------------------------------------------------------------------------+
; Clock Setup: 'clock'                                                                                                                                                            ;
+-------+------------------------------------------------+------+-----+------------+----------+-----------------------------+---------------------------+-------------------------+
; Slack ; Actual fmax (period)                           ; From ; To  ; From Clock ; To Clock ; Required Setup Relationship ; Required Longest P2P Time ; Actual Longest P2P Time ;
+-------+------------------------------------------------+------+-----+------------+----------+-----------------------------+---------------------------+-------------------------+
; N/A   ; Restricted to 500.00 MHz ( period = 2.000 ns ) ; y.A  ; y.C ; clock      ; clock    ; None                        ; None                      ; 0.404 ns                ;
+-------+------------------------------------------------+------+-----+------------+----------+-----------------------------+---------------------------+-------------------------+


+-----------------------------------------------------------+
; tsu                                                       ;
+-------+--------------+------------+------+-----+----------+
; Slack ; Required tsu ; Actual tsu ; From ; To  ; To Clock ;
+-------+--------------+------------+------+-----+----------+
; N/A   ; None         ; 2.200 ns   ; w    ; y.C ; clock    ;
; N/A   ; None         ; 2.196 ns   ; w    ; y.A ; clock    ;
+-------+--------------+------------+------+-----+----------+


+------------------------------------------------------------+
; tco                                                        ;
+-------+--------------+------------+------+----+------------+
; Slack ; Required tco ; Actual tco ; From ; To ; From Clock ;
+-------+--------------+------------+------+----+------------+
; N/A   ; None         ; 5.010 ns   ; y.C  ; z  ; clock      ;
+-------+--------------+------------+------+----+------------+


+-----------------------------------------------------------------+
; th                                                              ;
+---------------+-------------+-----------+------+-----+----------+
; Minimum Slack ; Required th ; Actual th ; From ; To  ; To Clock ;
+---------------+-------------+-----------+------+-----+----------+
; N/A           ; None        ; -1.957 ns ; w    ; y.A ; clock    ;
; N/A           ; None        ; -1.961 ns ; w    ; y.C ; clock    ;
+---------------+-------------+-----------+------+-----+----------+


+--------------------------+
; Timing Analyzer Messages ;
+--------------------------+
Info: *******************************************************************
Info: Running Quartus II Classic Timing Analyzer
    Info: Version 8.1 Build 163 10/28/2008 SJ Web Edition
    Info: Processing started: Tue Mar 01 14:41:53 2022
Info: Command: quartus_tan --read_settings_files=off --write_settings_files=off exp1 -c exp1 --timing_analysis_only
Warning: Found pins functioning as undefined clocks and/or memory enables
    Info: Assuming node "clock" is an undefined clock
Info: Clock "clock" Internal fmax is restricted to 500.0 MHz between source register "y.A" and destination register "y.C"
    Info: fmax restricted to clock pin edge rate 2.0 ns. Expand message to see actual delay path.
        Info: + Longest register to register delay is 0.404 ns
            Info: 1: + IC(0.000 ns) + CELL(0.000 ns) = 0.000 ns; Loc. = LCFF_X1_Y26_N1; Fanout = 1; REG Node = 'y.A'
            Info: 2: + IC(0.196 ns) + CELL(0.053 ns) = 0.249 ns; Loc. = LCCOMB_X1_Y26_N2; Fanout = 1; COMB Node = 'Selector0~10'
            Info: 3: + IC(0.000 ns) + CELL(0.155 ns) = 0.404 ns; Loc. = LCFF_X1_Y26_N3; Fanout = 1; REG Node = 'y.C'
            Info: Total cell delay = 0.208 ns ( 51.49 % )
            Info: Total interconnect delay = 0.196 ns ( 48.51 % )
        Info: - Smallest clock skew is 0.000 ns
            Info: + Shortest clock path from clock "clock" to destination register is 2.483 ns
                Info: 1: + IC(0.000 ns) + CELL(0.854 ns) = 0.854 ns; Loc. = PIN_N20; Fanout = 1; CLK Node = 'clock'
                Info: 2: + IC(0.343 ns) + CELL(0.000 ns) = 1.197 ns; Loc. = CLKCTRL_G3; Fanout = 2; COMB Node = 'clock~clkctrl'
                Info: 3: + IC(0.668 ns) + CELL(0.618 ns) = 2.483 ns; Loc. = LCFF_X1_Y26_N3; Fanout = 1; REG Node = 'y.C'
                Info: Total cell delay = 1.472 ns ( 59.28 % )
                Info: Total interconnect delay = 1.011 ns ( 40.72 % )
            Info: - Longest clock path from clock "clock" to source register is 2.483 ns
                Info: 1: + IC(0.000 ns) + CELL(0.854 ns) = 0.854 ns; Loc. = PIN_N20; Fanout = 1; CLK Node = 'clock'
                Info: 2: + IC(0.343 ns) + CELL(0.000 ns) = 1.197 ns; Loc. = CLKCTRL_G3; Fanout = 2; COMB Node = 'clock~clkctrl'
                Info: 3: + IC(0.668 ns) + CELL(0.618 ns) = 2.483 ns; Loc. = LCFF_X1_Y26_N1; Fanout = 1; REG Node = 'y.A'
                Info: Total cell delay = 1.472 ns ( 59.28 % )
                Info: Total interconnect delay = 1.011 ns ( 40.72 % )
        Info: + Micro clock to output delay of source is 0.094 ns
        Info: + Micro setup delay of destination is 0.090 ns
Info: tsu for register "y.C" (data pin = "w", clock pin = "clock") is 2.200 ns
    Info: + Longest pin to register delay is 4.593 ns
        Info: 1: + IC(0.000 ns) + CELL(0.820 ns) = 0.820 ns; Loc. = PIN_E20; Fanout = 2; PIN Node = 'w'
        Info: 2: + IC(3.464 ns) + CELL(0.154 ns) = 4.438 ns; Loc. = LCCOMB_X1_Y26_N2; Fanout = 1; COMB Node = 'Selector0~10'
        Info: 3: + IC(0.000 ns) + CELL(0.155 ns) = 4.593 ns; Loc. = LCFF_X1_Y26_N3; Fanout = 1; REG Node = 'y.C'
        Info: Total cell delay = 1.129 ns ( 24.58 % )
        Info: Total interconnect delay = 3.464 ns ( 75.42 % )
    Info: + Micro setup delay of destination is 0.090 ns
    Info: - Shortest clock path from clock "clock" to destination register is 2.483 ns
        Info: 1: + IC(0.000 ns) + CELL(0.854 ns) = 0.854 ns; Loc. = PIN_N20; Fanout = 1; CLK Node = 'clock'
        Info: 2: + IC(0.343 ns) + CELL(0.000 ns) = 1.197 ns; Loc. = CLKCTRL_G3; Fanout = 2; COMB Node = 'clock~clkctrl'
        Info: 3: + IC(0.668 ns) + CELL(0.618 ns) = 2.483 ns; Loc. = LCFF_X1_Y26_N3; Fanout = 1; REG Node = 'y.C'
        Info: Total cell delay = 1.472 ns ( 59.28 % )
        Info: Total interconnect delay = 1.011 ns ( 40.72 % )
Info: tco from clock "clock" to destination pin "z" through register "y.C" is 5.010 ns
    Info: + Longest clock path from clock "clock" to source register is 2.483 ns
        Info: 1: + IC(0.000 ns) + CELL(0.854 ns) = 0.854 ns; Loc. = PIN_N20; Fanout = 1; CLK Node = 'clock'
        Info: 2: + IC(0.343 ns) + CELL(0.000 ns) = 1.197 ns; Loc. = CLKCTRL_G3; Fanout = 2; COMB Node = 'clock~clkctrl'
        Info: 3: + IC(0.668 ns) + CELL(0.618 ns) = 2.483 ns; Loc. = LCFF_X1_Y26_N3; Fanout = 1; REG Node = 'y.C'
        Info: Total cell delay = 1.472 ns ( 59.28 % )
        Info: Total interconnect delay = 1.011 ns ( 40.72 % )
    Info: + Micro clock to output delay of source is 0.094 ns
    Info: + Longest register to pin delay is 2.433 ns
        Info: 1: + IC(0.000 ns) + CELL(0.000 ns) = 0.000 ns; Loc. = LCFF_X1_Y26_N3; Fanout = 1; REG Node = 'y.C'
        Info: 2: + IC(0.471 ns) + CELL(1.962 ns) = 2.433 ns; Loc. = PIN_D18; Fanout = 0; PIN Node = 'z'
        Info: Total cell delay = 1.962 ns ( 80.64 % )
        Info: Total interconnect delay = 0.471 ns ( 19.36 % )
Info: th for register "y.A" (data pin = "w", clock pin = "clock") is -1.957 ns
    Info: + Longest clock path from clock "clock" to destination register is 2.483 ns
        Info: 1: + IC(0.000 ns) + CELL(0.854 ns) = 0.854 ns; Loc. = PIN_N20; Fanout = 1; CLK Node = 'clock'
        Info: 2: + IC(0.343 ns) + CELL(0.000 ns) = 1.197 ns; Loc. = CLKCTRL_G3; Fanout = 2; COMB Node = 'clock~clkctrl'
        Info: 3: + IC(0.668 ns) + CELL(0.618 ns) = 2.483 ns; Loc. = LCFF_X1_Y26_N1; Fanout = 1; REG Node = 'y.A'
        Info: Total cell delay = 1.472 ns ( 59.28 % )
        Info: Total interconnect delay = 1.011 ns ( 40.72 % )
    Info: + Micro hold delay of destination is 0.149 ns
    Info: - Shortest pin to register delay is 4.589 ns
        Info: 1: + IC(0.000 ns) + CELL(0.820 ns) = 0.820 ns; Loc. = PIN_E20; Fanout = 2; PIN Node = 'w'
        Info: 2: + IC(3.460 ns) + CELL(0.309 ns) = 4.589 ns; Loc. = LCFF_X1_Y26_N1; Fanout = 1; REG Node = 'y.A'
        Info: Total cell delay = 1.129 ns ( 24.60 % )
        Info: Total interconnect delay = 3.460 ns ( 75.40 % )
Info: Quartus II Classic Timing Analyzer was successful. 0 errors, 1 warning
    Info: Peak virtual memory: 182 megabytes
    Info: Processing ended: Tue Mar 01 14:41:53 2022
    Info: Elapsed time: 00:00:00
    Info: Total CPU time (on all processors): 00:00:00


